#
# A fatal error has been detected by the Java Runtime Environment:
#
#  SIGSEGV (0xb) at pc=0x000000011cedc5dd, pid=470, tid=1811
#
# JRE version: Java(TM) SE Runtime Environment (8.0_51-b16) (build 1.8.0_51-b16)
# Java VM: Java HotSpot(TM) 64-Bit Server VM (25.51-b03 mixed mode bsd-amd64 compressed oops)
# Problematic frame:
# C  [libglass.dylib+0x155dd]  GlassScreenDidChangeScreenParameters+0x9d
#
# Failed to write core dump. Core dumps have been disabled. To enable core dumping, try "ulimit -c unlimited" before starting Java again
#
# If you would like to submit a bug report, please visit:
#   http://bugreport.java.com/bugreport/crash.jsp
#

---------------  T H R E A D  ---------------

Current thread is native thread

siginfo: si_signo: 11 (SIGSEGV), si_code: 1 (SEGV_MAPERR), si_addr: 0x0000000000000000

Registers:
RAX=0x000000011cf0ebc0, RBX=0x0000000000000000, RCX=0xac00e8f76fc2b873, RDX=0x00007ff3395a3670
RSP=0x00007fff5ccc0290, RBP=0x00007fff5ccc02a0, RSI=0x00007ff33950e8e0, RDI=0x0000000000000000
R8 =0x00007fff5ccc0140, R9 =0x00007fff76715300, R10=0x0000000000000000, R11=0x0000000000000246
R12=0x00007ff339516870, R13=0x00000000000f426a, R14=0x00007ff3397485d0, R15=0x00007fff5ccc03e0
RIP=0x000000011cedc5dd, EFLAGS=0x0000000000010202, ERR=0x0000000000000004
  TRAPNO=0x000000000000000e

Top of Stack: (sp=0x00007fff5ccc0290)
0x00007fff5ccc0290:   00007fff5ccc0470 00007ff3397485d0
0x00007fff5ccc02a0:   00007fff5ccc02b0 00007fff8d48f45c
0x00007fff5ccc02b0:   00007fff5ccc0610 00007fff8d37f634
0x00007fff5ccc02c0:   00007fff9067c0c0 00007fff9067c0c0
0x00007fff5ccc02d0:   00007ff341e84780 00007ff33bb2bef0
0x00007fff5ccc02e0:   0000000102f5ba00 0000000000002d30
0x00007fff5ccc02f0:   0000000000000000 00007ff3397485d0
0x00007fff5ccc0300:   0000000000000000 00007fff5ccc03e0
0x00007fff5ccc0310:   0000000000000000 00007ff339748590
0x00007fff5ccc0320:   00007fff5ccc0460 00000000000001e2
0x00007fff5ccc0330:   00000000000f6f35 00007ff3397c2420
0x00007fff5ccc0340:   00007ff3394598a0 00007ff339516870
0x00007fff5ccc0350:   0000000000000001 00000000000f426a
0x00007fff5ccc0360:   00007ff339516860 0000000102f58000
0x00007fff5ccc0370:   00007fff5ccc0410 00007fff93e264ff
0x00007fff5ccc0380:   00007ff33fa92a90 00007ff33fa93000
0x00007fff5ccc0390:   00007ff3420fc080 0000000102f58000
0x00007fff5ccc03a0:   00007fff5ccc0440 00007fff93e264ff
0x00007fff5ccc03b0:   00007ff3420fc080 0000000000000008
0x00007fff5ccc03c0:   00825a0339516894 00007ff339516894
0x00007fff5ccc03d0:   0000000000000000 00007fff9124764f
0x00007fff5ccc03e0:   00007ff3397485d0 00007fff92577dd4
0x00007fff5ccc03f0:   0000000300000003 0000000000000000
0x00007fff5ccc0400:   00007fff5ccc047c 00007fff5ccc0480
0x00007fff5ccc0410:   0000000102f5ba00 0000000000000004
0x00007fff5ccc0420:   0000000102f58000 00007ff33bb4fed4
0x00007fff5ccc0430:   0000000000000003 0000000102f5ba00
0x00007fff5ccc0440:   00007fff5ccc0530 00007fff93e232a2
0x00007fff5ccc0450:   525ffffffffc305f 0000000000017153
0x00007fff5ccc0460:   0000000000000017 0000000000000000
0x00007fff5ccc0470:   00000000000f426a 000020608eb56168
0x00007fff5ccc0480:   0005320000053200 00007fff5ccc04f0 

Instructions: (pc=0x000000011cedc5dd)
0x000000011cedc5bd:   89 df 4c 89 f1 41 ff 90 68 04 00 00 48 8d 05 f8
0x000000011cedc5cd:   24 03 00 48 8b 30 48 8d 05 e6 25 03 00 48 8b 10
0x000000011cedc5dd:   48 8b 0b 30 c0 48 89 df ff 91 68 04 00 00 48 8b
0x000000011cedc5ed:   03 48 89 df ff 50 78 48 85 c0 74 36 49 89 c6 48 

Register to memory mapping:

RAX=0x000000011cf0ebc0: jScreenNotifySettingsChanged+0 in /Library/Java/JavaVirtualMachines/jdk1.8.0_51.jdk/Contents/Home/jre/lib/libglass.dylib at 0x000000011cec7000
RBX=0x0000000000000000 is an unknown value
RCX=0xac00e8f76fc2b873 is an unknown value
RDX=0x00007ff3395a3670 is an unknown value
RSP=0x00007fff5ccc0290 is an unknown value
RBP=0x00007fff5ccc02a0 is an unknown value
RSI=0x00007ff33950e8e0 is a global jni handle
RDI=0x0000000000000000 is an unknown value
R8 =0x00007fff5ccc0140 is an unknown value
R9 =0x00007fff76715300: _thread+0 in /usr/lib/system/libsystem_pthread.dylib at 0x00007fff92576000
R10=0x0000000000000000 is an unknown value
R11=0x0000000000000246 is an unknown value
R12=0x00007ff339516870 is an unknown value
R13=0x00000000000f426a is an unknown value
R14=0x00007ff3397485d0 is an unknown value
R15=0x00007fff5ccc03e0 is an unknown value


Stack: [0x00007fff5c4c3000,0x00007fff5ccc3000],  sp=0x00007fff5ccc0290,  free space=8180k
Native frames: (J=compiled Java code, j=interpreted, Vv=VM code, C=native code)
C  [libglass.dylib+0x155dd]  GlassScreenDidChangeScreenParameters+0x9d
C  [CoreFoundation+0x12045c]  __CFNOTIFICATIONCENTER_IS_CALLING_OUT_TO_AN_OBSERVER__+0xc
C  [CoreFoundation+0x10634]  _CFXNotificationPost+0xc44
C  [Foundation+0x79d1]  -[NSNotificationCenter postNotificationName:object:userInfo:]+0x42
C  [AppKit+0x40df7e]  -[NSApplication _reactToScreenInvalidationImmediately:]+0x17b
C  [AppKit+0x40ddc7]  __44-[NSApplication _reactToScreenInvalidation:]_block_invoke+0x4b
C  [CoreFoundation+0x808ec]  __CFRUNLOOP_IS_CALLING_OUT_TO_A_BLOCK__+0xc
C  [CoreFoundation+0x729f5]  __CFRunLoopDoBlocks+0x155
C  [CoreFoundation+0x72536]  __CFRunLoopRun+0x716
C  [CoreFoundation+0x71bd8]  CFRunLoopRunSpecific+0x128
C  [java+0x6463]  CreateExecutionEnvironment+0x367
C  [java+0x21ac]  JLI_Launch+0x7a0
C  [java+0x84c0]  main+0x65
C  [java+0x1a04]  start+0x34


---------------  P R O C E S S  ---------------

VM state:at safepoint (normal execution)

VM Mutex/Monitor currently owned by a thread:  ([mutex/lock_event])
[0x00007ff339602580] Threads_lock - owner thread: 0x00007ff33a043000
[0x00007ff339602a80] Heap_lock - owner thread: 0x00007ff33f07a800

Heap:
 PSYoungGen      total 43008K, used 15462K [0x0000000795580000, 0x0000000798d00000, 0x00000007c0000000)
  eden space 32256K, 32% used [0x0000000795580000,0x0000000795fd88d0,0x0000000797500000)
  from space 10752K, 45% used [0x0000000798280000,0x0000000798741010,0x0000000798d00000)
  to   space 12288K, 0% used [0x0000000797500000,0x0000000797500000,0x0000000798100000)
 ParOldGen       total 77824K, used 13359K [0x0000000740000000, 0x0000000744c00000, 0x0000000795580000)
  object space 77824K, 17% used [0x0000000740000000,0x0000000740d0bfb8,0x0000000744c00000)
 Metaspace       used 23374K, capacity 24910K, committed 24960K, reserved 1071104K
  class space    used 3157K, capacity 3451K, committed 3456K, reserved 1048576K

Card table byte_map: [0x0000000113d29000,0x000000011412a000] byte_map_base: 0x0000000110329000

Marking Bits: (ParMarkBitMap*) 0x00000001042c27a0
 Begin Bits: [0x00000001147e1000, 0x00000001167e1000)
 End Bits:   [0x00000001167e1000, 0x00000001187e1000)

Polling page: 0x0000000103199000

CodeCache: size=245760Kb used=17401Kb max_used=17662Kb free=228358Kb
 bounds [0x0000000104969000, 0x0000000105ad9000, 0x0000000113969000]
 total_blobs=5870 nmethods=5167 adapters=615
 compilation: enabled

Compilation events (10 events):
Event: 1024.201 Thread 0x00007ff33b013000 nmethod 6309 0x00000001058bc790 code [0x00000001058bc8e0, 0x00000001058bc9d0]
Event: 1064.330 Thread 0x00007ff33b013000 6310       3       java.util.concurrent.ConcurrentHashMap::remove (8 bytes)
Event: 1064.331 Thread 0x00007ff33b013000 nmethod 6310 0x00000001051abd50 code [0x00000001051abec0, 0x00000001051ac0e8]
Event: 1064.339 Thread 0x00007ff33a065000 6312       4       com.sun.prism.impl.BaseResourcePool$WeakLinkedList::getResource (11 bytes)
Event: 1064.339 Thread 0x00007ff33a065000 nmethod 6312 0x0000000104efb690 code [0x0000000104efb7e0, 0x0000000104efb898]
Event: 1064.351 Thread 0x00007ff33b013000 6314       3       jdk.internal.org.objectweb.asm.MethodVisitor::visitInsn (16 bytes)
Event: 1064.351 Thread 0x00007ff33b013000 nmethod 6314 0x00000001055693d0 code [0x0000000105569540, 0x00000001055697a8]
Event: 1064.351 Thread 0x00007ff33b013000 6313       3       jdk.internal.org.objectweb.asm.MethodVisitor::visitMethodInsn (68 bytes)
Event: 1064.352 Thread 0x00007ff33b013000 nmethod 6313 0x0000000104f15890 code [0x0000000104f15a40, 0x0000000104f15ee8]
Event: 1064.353 Thread 0x00007ff33b013000 6315       3       java.lang.invoke.InnerClassLambdaMetafactory::generateFactory (136 bytes)

GC Heap History (10 events):
Event: 8.113 GC heap before
{Heap before GC invocations=3 (full 0):
 PSYoungGen      total 38400K, used 30065K [0x0000000795580000, 0x0000000798000000, 0x00000007c0000000)
  eden space 33280K, 75% used [0x0000000795580000,0x0000000796de0480,0x0000000797600000)
  from space 5120K, 99% used [0x0000000797b00000,0x0000000797ffc030,0x0000000798000000)
  to   space 5120K, 0% used [0x0000000797600000,0x0000000797600000,0x0000000797b00000)
 ParOldGen       total 87552K, used 2234K [0x0000000740000000, 0x0000000745580000, 0x0000000795580000)
  object space 87552K, 2% used [0x0000000740000000,0x000000074022e8f8,0x0000000745580000)
 Metaspace       used 19953K, capacity 21166K, committed 21296K, reserved 1067008K
  class space    used 2856K, capacity 3115K, committed 3200K, reserved 1048576K
Event: 8.128 GC heap after
Heap after GC invocations=3 (full 0):
 PSYoungGen      total 38400K, used 5088K [0x0000000795580000, 0x0000000798000000, 0x00000007c0000000)
  eden space 33280K, 0% used [0x0000000795580000,0x0000000795580000,0x0000000797600000)
  from space 5120K, 99% used [0x0000000797600000,0x0000000797af8040,0x0000000797b00000)
  to   space 5120K, 0% used [0x0000000797b00000,0x0000000797b00000,0x0000000798000000)
 ParOldGen       total 87552K, used 8916K [0x0000000740000000, 0x0000000745580000, 0x0000000795580000)
  object space 87552K, 10% used [0x0000000740000000,0x00000007408b53b8,0x0000000745580000)
 Metaspace       used 19953K, capacity 21166K, committed 21296K, reserved 1067008K
  class space    used 2856K, capacity 3115K, committed 3200K, reserved 1048576K
}
Event: 8.128 GC heap before
{Heap before GC invocations=4 (full 1):
 PSYoungGen      total 38400K, used 5088K [0x0000000795580000, 0x0000000798000000, 0x00000007c0000000)
  eden space 33280K, 0% used [0x0000000795580000,0x0000000795580000,0x0000000797600000)
  from space 5120K, 99% used [0x0000000797600000,0x0000000797af8040,0x0000000797b00000)
  to   space 5120K, 0% used [0x0000000797b00000,0x0000000797b00000,0x0000000798000000)
 ParOldGen       total 87552K, used 8916K [0x0000000740000000, 0x0000000745580000, 0x0000000795580000)
  object space 87552K, 10% used [0x0000000740000000,0x00000007408b53b8,0x0000000745580000)
 Metaspace       used 19953K, capacity 21166K, committed 21296K, reserved 1067008K
  class space    used 2856K, capacity 3115K, committed 3200K, reserved 1048576K
Event: 8.245 GC heap after
Heap after GC invocations=4 (full 1):
 PSYoungGen      total 38400K, used 0K [0x0000000795580000, 0x0000000798000000, 0x00000007c0000000)
  eden space 33280K, 0% used [0x0000000795580000,0x0000000795580000,0x0000000797600000)
  from space 5120K, 0% used [0x0000000797600000,0x0000000797600000,0x0000000797b00000)
  to   space 5120K, 0% used [0x0000000797b00000,0x0000000797b00000,0x0000000798000000)
 ParOldGen       total 77824K, used 13335K [0x0000000740000000, 0x0000000744c00000, 0x0000000795580000)
  object space 77824K, 17% used [0x0000000740000000,0x0000000740d05fb8,0x0000000744c00000)
 Metaspace       used 19953K, capacity 21166K, committed 21296K, reserved 1067008K
  class space    used 2856K, capacity 3115K, committed 3200K, reserved 1048576K
}
Event: 182.666 GC heap before
{Heap before GC invocations=5 (full 1):
 PSYoungGen      total 38400K, used 33280K [0x0000000795580000, 0x0000000798000000, 0x00000007c0000000)
  eden space 33280K, 100% used [0x0000000795580000,0x0000000797600000,0x0000000797600000)
  from space 5120K, 0% used [0x0000000797600000,0x0000000797600000,0x0000000797b00000)
  to   space 5120K, 0% used [0x0000000797b00000,0x0000000797b00000,0x0000000798000000)
 ParOldGen       total 77824K, used 13335K [0x0000000740000000, 0x0000000744c00000, 0x0000000795580000)
  object space 77824K, 17% used [0x0000000740000000,0x0000000740d05fb8,0x0000000744c00000)
 Metaspace       used 21970K, capacity 23358K, committed 23552K, reserved 1069056K
  class space    used 3003K, capacity 3285K, committed 3328K, reserved 1048576K
Event: 182.671 GC heap after
Heap after GC invocations=5 (full 1):
 PSYoungGen      total 38400K, used 2304K [0x0000000795580000, 0x0000000798880000, 0x00000007c0000000)
  eden space 33280K, 0% used [0x0000000795580000,0x0000000795580000,0x0000000797600000)
  from space 5120K, 45% used [0x0000000797b00000,0x0000000797d40000,0x0000000798000000)
  to   space 5120K, 0% used [0x0000000797600000,0x0000000797600000,0x0000000797b00000)
 ParOldGen       total 77824K, used 13343K [0x0000000740000000, 0x0000000744c00000, 0x0000000795580000)
  object space 77824K, 17% used [0x0000000740000000,0x0000000740d07fb8,0x0000000744c00000)
 Metaspace       used 21970K, capacity 23358K, committed 23552K, reserved 1069056K
  class space    used 3003K, capacity 3285K, committed 3328K, reserved 1048576K
}
Event: 657.352 GC heap before
{Heap before GC invocations=6 (full 1):
 PSYoungGen      total 38400K, used 35584K [0x0000000795580000, 0x0000000798880000, 0x00000007c0000000)
  eden space 33280K, 100% used [0x0000000795580000,0x0000000797600000,0x0000000797600000)
  from space 5120K, 45% used [0x0000000797b00000,0x0000000797d40000,0x0000000798000000)
  to   space 5120K, 0% used [0x0000000797600000,0x0000000797600000,0x0000000797b00000)
 ParOldGen       total 77824K, used 13343K [0x0000000740000000, 0x0000000744c00000, 0x0000000795580000)
  object space 77824K, 17% used [0x0000000740000000,0x0000000740d07fb8,0x0000000744c00000)
 Metaspace       used 22442K, capacity 23818K, committed 24064K, reserved 1071104K
  class space    used 3009K, capacity 3285K, committed 3328K, reserved 1048576K
Event: 657.358 GC heap after
Heap after GC invocations=6 (full 1):
 PSYoungGen      total 37888K, used 3200K [0x0000000795580000, 0x0000000798f80000, 0x00000007c0000000)
  eden space 32768K, 0% used [0x0000000795580000,0x0000000795580000,0x0000000797580000)
  from space 5120K, 62% used [0x0000000797600000,0x0000000797920000,0x0000000797b00000)
  to   space 13312K, 0% used [0x0000000798280000,0x0000000798280000,0x0000000798f80000)
 ParOldGen       total 77824K, used 13351K [0x0000000740000000, 0x0000000744c00000, 0x0000000795580000)
  object space 77824K, 17% used [0x0000000740000000,0x0000000740d09fb8,0x0000000744c00000)
 Metaspace       used 22442K, capacity 23818K, committed 24064K, reserved 1071104K
  class space    used 3009K, capacity 3285K, committed 3328K, reserved 1048576K
}
Event: 840.329 GC heap before
{Heap before GC invocations=7 (full 1):
 PSYoungGen      total 37888K, used 35968K [0x0000000795580000, 0x0000000798f80000, 0x00000007c0000000)
  eden space 32768K, 100% used [0x0000000795580000,0x0000000797580000,0x0000000797580000)
  from space 5120K, 62% used [0x0000000797600000,0x0000000797920000,0x0000000797b00000)
  to   space 13312K, 0% used [0x0000000798280000,0x0000000798280000,0x0000000798f80000)
 ParOldGen       total 77824K, used 13351K [0x0000000740000000, 0x0000000744c00000, 0x0000000795580000)
  object space 77824K, 17% used [0x0000000740000000,0x0000000740d09fb8,0x0000000744c00000)
 Metaspace       used 23332K, capacity 24846K, committed 24960K, reserved 1071104K
  class space    used 3149K, capacity 3411K, committed 3456K, reserved 1048576K
Event: 840.338 GC heap after
Heap after GC invocations=7 (full 1):
 PSYoungGen      total 43008K, used 4868K [0x0000000795580000, 0x0000000798d00000, 0x00000007c0000000)
  eden space 32256K, 0% used [0x0000000795580000,0x0000000795580000,0x0000000797500000)
  from space 10752K, 45% used [0x0000000798280000,0x0000000798741010,0x0000000798d00000)
  to   space 12288K, 0% used [0x0000000797500000,0x0000000797500000,0x0000000798100000)
 ParOldGen       total 77824K, used 13359K [0x0000000740000000, 0x0000000744c00000, 0x0000000795580000)
  object space 77824K, 17% used [0x0000000740000000,0x0000000740d0bfb8,0x0000000744c00000)
 Metaspace       used 23332K, capacity 24846K, committed 24960K, reserved 1071104K
  class space    used 3149K, capacity 3411K, committed 3456K, reserved 1048576K
}

Deoptimization events (10 events):
Event: 803.745 Thread 0x00007ff33993b800 Uncommon trap: reason=unstable_if action=reinterpret pc=0x0000000104faa4a8 method=javafx.scene.layout.Region.layoutInArea(Ljavafx/scene/Node;DDDDDLjavafx/geometry/Insets;ZZLjavafx/geometry/HPos;Ljavafx/geometry/VPos;Z)V @ 147
Event: 803.745 Thread 0x00007ff33993b800 Uncommon trap: reason=bimorphic action=maybe_recompile pc=0x0000000105a29438 method=javafx.scene.layout.Region.computeChildPrefAreaWidth(Ljavafx/scene/Node;DLjavafx/geometry/Insets;DZ)D @ 63
Event: 803.764 Thread 0x00007ff33993b800 Uncommon trap: reason=bimorphic action=maybe_recompile pc=0x0000000105a29438 method=javafx.scene.layout.Region.computeChildPrefAreaWidth(Ljavafx/scene/Node;DLjavafx/geometry/Insets;DZ)D @ 63
Event: 803.790 Thread 0x00007ff33993b800 Uncommon trap: reason=unstable_if action=reinterpret pc=0x00000001052e44f8 method=com.sun.javafx.font.PrismFont.equals(Ljava/lang/Object;)Z @ 29
Event: 803.791 Thread 0x00007ff33993b800 Uncommon trap: reason=unstable_if action=reinterpret pc=0x0000000105573c9c method=java.util.Arrays.equals([C[C)Z @ 2
Event: 803.797 Thread 0x00007ff33993b800 Uncommon trap: reason=class_check action=maybe_recompile pc=0x0000000105a64e08 method=javafx.scene.Parent.impl_updatePeer()V @ 210
Event: 804.872 Thread 0x00007ff33993b800 Uncommon trap: reason=speculate_class_check action=maybe_recompile pc=0x00000001050d1960 method=com.sun.javafx.scene.EnteredExitedHandler.dispatchBubblingEvent(Ljavafx/event/Event;)Ljavafx/event/Event; @ 19
Event: 1020.903 Thread 0x00007ff33993b800 Uncommon trap: reason=unstable_if action=reinterpret pc=0x0000000105510070 method=javafx.scene.Scene$MouseHandler.handleEnterExit(Ljavafx/scene/input/MouseEvent;Ljavafx/scene/Scene$TargetWrapper;)V @ 251
Event: 1064.353 Thread 0x00007ff33993b800 Uncommon trap: reason=unstable_if action=reinterpret pc=0x000000010513c7a4 method=java.util.concurrent.locks.ReentrantLock$Sync.tryRelease(I)Z @ 28
Event: 1064.353 Thread 0x00007ff33a951800 Uncommon trap: reason=unstable_if action=reinterpret pc=0x0000000105069774 method=java.util.concurrent.locks.AbstractQueuedSynchronizer$ConditionObject.checkInterruptWhileWaiting(Ljava/util/concurrent/locks/AbstractQueuedSynchronizer$Node;)I @ 3

Internal exceptions (10 events):
Event: 49.956 Thread 0x00007ff33a951800 Implicit null exception at 0x0000000105528147 to 0x0000000105528bed
Event: 49.959 Thread 0x00007ff33a951800 Implicit null exception at 0x0000000104c18893 to 0x0000000104c18a31
Event: 557.046 Thread 0x00007ff33993b800 Implicit null exception at 0x00000001053b723e to 0x00000001053bb9dd
Event: 566.384 Thread 0x00007ff33993b800 Implicit null exception at 0x000000010591ea41 to 0x0000000105927f85
Event: 566.857 Thread 0x00007ff33a951800 Exception <a 'java/lang/ArrayIndexOutOfBoundsException': -1> (0x0000000796c75fe0) thrown at [/Users/java_re/workspace/8-2-build-macosx-x86_64/jdk8u51/3951/hotspot/src/share/vm/interpreter/interpreterRuntime.cpp, line 366]
Event: 566.858 Thread 0x00007ff33a951800 Exception <a 'java/lang/ArrayIndexOutOfBoundsException': -1> (0x0000000796c76350) thrown at [/Users/java_re/workspace/8-2-build-macosx-x86_64/jdk8u51/3951/hotspot/src/share/vm/interpreter/interpreterRuntime.cpp, line 366]
Event: 566.858 Thread 0x00007ff33a951800 Exception <a 'java/lang/ArrayIndexOutOfBoundsException': -1> (0x0000000796c766c0) thrown at [/Users/java_re/workspace/8-2-build-macosx-x86_64/jdk8u51/3951/hotspot/src/share/vm/interpreter/interpreterRuntime.cpp, line 366]
Event: 566.858 Thread 0x00007ff33a951800 Exception <a 'java/lang/ArrayIndexOutOfBoundsException': -1> (0x0000000796c76a30) thrown at [/Users/java_re/workspace/8-2-build-macosx-x86_64/jdk8u51/3951/hotspot/src/share/vm/interpreter/interpreterRuntime.cpp, line 366]
Event: 566.858 Thread 0x00007ff33a951800 Exception <a 'java/lang/ArrayIndexOutOfBoundsException': -1> (0x0000000796c77160) thrown at [/Users/java_re/workspace/8-2-build-macosx-x86_64/jdk8u51/3951/hotspot/src/share/vm/interpreter/interpreterRuntime.cpp, line 366]
Event: 572.613 Thread 0x00007ff33993b800 Implicit null exception at 0x00000001059081e0 to 0x000000010590cd61

Events (10 events):
Event: 1064.353 Thread 0x00007ff33a807000 Thread exited: 0x00007ff33a807000
Event: 1064.354 Thread 0x00007ff33f07a800 Thread added: 0x00007ff33f07a800
Event: 1064.354 Thread 0x00007ff33993b800 Thread exited: 0x00007ff33993b800
Event: 1064.354 loading class java/util/IdentityHashMap$KeySet
Event: 1064.354 loading class java/util/IdentityHashMap$KeySet done
Event: 1064.354 loading class java/util/IdentityHashMap$KeyIterator
Event: 1064.354 loading class java/util/IdentityHashMap$IdentityHashMapIterator
Event: 1064.354 loading class java/util/IdentityHashMap$IdentityHashMapIterator done
Event: 1064.354 loading class java/util/IdentityHashMap$KeyIterator done
Event: 1064.354 Thread 0x00007ff33f07a800 Thread exited: 0x00007ff33f07a800


Dynamic libraries:
0x0000000004334000 	/System/Library/Frameworks/Cocoa.framework/Versions/A/Cocoa
0x0000000004334000 	/System/Library/Frameworks/Security.framework/Versions/A/Security
0x0000000004334000 	/System/Library/Frameworks/ApplicationServices.framework/Versions/A/ApplicationServices
0x0000000004334000 	/usr/lib/libz.1.dylib
0x0000000004334000 	/usr/lib/libSystem.B.dylib
0x0000000004334000 	/usr/lib/libobjc.A.dylib
0x0000000004334000 	/System/Library/Frameworks/CoreFoundation.framework/Versions/A/CoreFoundation
0x0000000004334000 	/System/Library/Frameworks/Foundation.framework/Versions/C/Foundation
0x0000000004334000 	/System/Library/Frameworks/AppKit.framework/Versions/C/AppKit
0x0000000004334000 	/System/Library/Frameworks/CoreData.framework/Versions/A/CoreData
0x0000000004334000 	/System/Library/PrivateFrameworks/RemoteViewServices.framework/Versions/A/RemoteViewServices
0x0000000004334000 	/System/Library/PrivateFrameworks/UIFoundation.framework/Versions/A/UIFoundation
0x0000000004334000 	/System/Library/Frameworks/IOSurface.framework/Versions/A/IOSurface
0x0000000004334000 	/System/Library/Frameworks/AudioToolbox.framework/Versions/A/AudioToolbox
0x0000000004334000 	/System/Library/Frameworks/AudioUnit.framework/Versions/A/AudioUnit
0x0000000004334000 	/System/Library/PrivateFrameworks/DataDetectorsCore.framework/Versions/A/DataDetectorsCore
0x0000000004334000 	/System/Library/PrivateFrameworks/DesktopServicesPriv.framework/Versions/A/DesktopServicesPriv
0x0000000004334000 	/System/Library/Frameworks/Carbon.framework/Versions/A/Frameworks/HIToolbox.framework/Versions/A/HIToolbox
0x0000000004334000 	/System/Library/Frameworks/QuartzCore.framework/Versions/A/QuartzCore
0x0000000004334000 	/System/Library/Frameworks/Carbon.framework/Versions/A/Frameworks/SpeechRecognition.framework/Versions/A/SpeechRecognition
0x0000000004334000 	/usr/lib/libauto.dylib
0x0000000004334000 	/usr/lib/libicucore.A.dylib
0x0000000004334000 	/usr/lib/libxml2.2.dylib
0x0000000004334000 	/System/Library/PrivateFrameworks/CoreUI.framework/Versions/A/CoreUI
0x0000000004334000 	/System/Library/Frameworks/CoreAudio.framework/Versions/A/CoreAudio
0x0000000004334000 	/System/Library/Frameworks/DiskArbitration.framework/Versions/A/DiskArbitration
0x0000000004334000 	/usr/lib/liblangid.dylib
0x0000000004334000 	/System/Library/PrivateFrameworks/MultitouchSupport.framework/Versions/A/MultitouchSupport
0x0000000004334000 	/System/Library/Frameworks/IOKit.framework/Versions/A/IOKit
0x0000000004334000 	/usr/lib/libDiagnosticMessagesClient.dylib
0x0000000004334000 	/System/Library/Frameworks/CoreServices.framework/Versions/A/CoreServices
0x0000000004334000 	/System/Library/PrivateFrameworks/PerformanceAnalysis.framework/Versions/A/PerformanceAnalysis
0x0000000004334000 	/System/Library/PrivateFrameworks/GenerationalStorage.framework/Versions/A/GenerationalStorage
0x0000000004334000 	/System/Library/Frameworks/OpenGL.framework/Versions/A/OpenGL
0x0000000004334000 	/System/Library/PrivateFrameworks/Sharing.framework/Versions/A/Sharing
0x0000000004334000 	/System/Library/Frameworks/CoreGraphics.framework/Versions/A/CoreGraphics
0x0000000004334000 	/System/Library/Frameworks/CoreText.framework/Versions/A/CoreText
0x0000000004334000 	/System/Library/Frameworks/ImageIO.framework/Versions/A/ImageIO
0x0000000004334000 	/usr/lib/libextension.dylib
0x0000000004334000 	/System/Library/PrivateFrameworks/Backup.framework/Versions/A/Backup
0x0000000004334000 	/usr/lib/libarchive.2.dylib
0x0000000004334000 	/System/Library/Frameworks/CFNetwork.framework/Versions/A/CFNetwork
0x0000000004334000 	/System/Library/Frameworks/SystemConfiguration.framework/Versions/A/SystemConfiguration
0x0000000004334000 	/usr/lib/libCRFSuite.dylib
0x0000000004334000 	/usr/lib/libc++.1.dylib
0x0000000004334000 	/usr/lib/libc++abi.dylib
0x0000000004334000 	/usr/lib/system/libcache.dylib
0x0000000004334000 	/usr/lib/system/libcommonCrypto.dylib
0x0000000004334000 	/usr/lib/system/libcompiler_rt.dylib
0x0000000004334000 	/usr/lib/system/libcopyfile.dylib
0x0000000004334000 	/usr/lib/system/libcorecrypto.dylib
0x0000000004334000 	/usr/lib/system/libdispatch.dylib
0x0000000004334000 	/usr/lib/system/libdyld.dylib
0x0000000004334000 	/usr/lib/system/libkeymgr.dylib
0x0000000004334000 	/usr/lib/system/liblaunch.dylib
0x0000000004334000 	/usr/lib/system/libmacho.dylib
0x0000000004334000 	/usr/lib/system/libquarantine.dylib
0x0000000004334000 	/usr/lib/system/libremovefile.dylib
0x0000000004334000 	/usr/lib/system/libsystem_asl.dylib
0x0000000004334000 	/usr/lib/system/libsystem_blocks.dylib
0x0000000004334000 	/usr/lib/system/libsystem_c.dylib
0x0000000004334000 	/usr/lib/system/libsystem_configuration.dylib
0x0000000004334000 	/usr/lib/system/libsystem_coreservices.dylib
0x0000000004334000 	/usr/lib/system/libsystem_coretls.dylib
0x0000000004334000 	/usr/lib/system/libsystem_dnssd.dylib
0x0000000004334000 	/usr/lib/system/libsystem_info.dylib
0x0000000004334000 	/usr/lib/system/libsystem_kernel.dylib
0x0000000004334000 	/usr/lib/system/libsystem_m.dylib
0x0000000004334000 	/usr/lib/system/libsystem_malloc.dylib
0x0000000004334000 	/usr/lib/system/libsystem_network.dylib
0x0000000004334000 	/usr/lib/system/libsystem_networkextension.dylib
0x0000000004334000 	/usr/lib/system/libsystem_notify.dylib
0x0000000004334000 	/usr/lib/system/libsystem_platform.dylib
0x0000000004334000 	/usr/lib/system/libsystem_pthread.dylib
0x0000000004334000 	/usr/lib/system/libsystem_sandbox.dylib
0x0000000004334000 	/usr/lib/system/libsystem_secinit.dylib
0x0000000004334000 	/usr/lib/system/libsystem_stats.dylib
0x0000000004334000 	/usr/lib/system/libsystem_trace.dylib
0x0000000004334000 	/usr/lib/system/libunc.dylib
0x0000000004334000 	/usr/lib/system/libunwind.dylib
0x0000000004334000 	/usr/lib/system/libxpc.dylib
0x0000000004334000 	/usr/lib/libbz2.1.0.dylib
0x0000000004334000 	/usr/lib/liblzma.5.dylib
0x0000000004334000 	/usr/lib/libbsm.0.dylib
0x0000000004334000 	/usr/lib/libsqlite3.dylib
0x0000000004334000 	/usr/lib/system/libkxld.dylib
0x0000000004334000 	/usr/lib/libxar.1.dylib
0x0000000004334000 	/usr/lib/libpam.2.dylib
0x0000000004334000 	/usr/lib/libOpenScriptingUtil.dylib
0x0000000004334000 	/System/Library/Frameworks/CoreServices.framework/Versions/A/Frameworks/FSEvents.framework/Versions/A/FSEvents
0x0000000004334000 	/System/Library/Frameworks/CoreServices.framework/Versions/A/Frameworks/CarbonCore.framework/Versions/A/CarbonCore
0x0000000004334000 	/System/Library/Frameworks/CoreServices.framework/Versions/A/Frameworks/Metadata.framework/Versions/A/Metadata
0x0000000004334000 	/System/Library/Frameworks/CoreServices.framework/Versions/A/Frameworks/OSServices.framework/Versions/A/OSServices
0x0000000004334000 	/System/Library/Frameworks/CoreServices.framework/Versions/A/Frameworks/SearchKit.framework/Versions/A/SearchKit
0x0000000004334000 	/System/Library/Frameworks/CoreServices.framework/Versions/A/Frameworks/AE.framework/Versions/A/AE
0x0000000004334000 	/System/Library/Frameworks/CoreServices.framework/Versions/A/Frameworks/LaunchServices.framework/Versions/A/LaunchServices
0x0000000004334000 	/System/Library/Frameworks/CoreServices.framework/Versions/A/Frameworks/DictionaryServices.framework/Versions/A/DictionaryServices
0x0000000004334000 	/System/Library/Frameworks/NetFS.framework/Versions/A/NetFS
0x0000000004334000 	/System/Library/PrivateFrameworks/NetAuth.framework/Versions/A/NetAuth
0x0000000004334000 	/System/Library/PrivateFrameworks/login.framework/Versions/A/Frameworks/loginsupport.framework/Versions/A/loginsupport
0x0000000004334000 	/System/Library/PrivateFrameworks/TCC.framework/Versions/A/TCC
0x0000000004334000 	/usr/lib/libmecabra.dylib
0x0000000004334000 	/System/Library/Frameworks/ApplicationServices.framework/Versions/A/Frameworks/ATS.framework/Versions/A/ATS
0x0000000004334000 	/System/Library/Frameworks/ApplicationServices.framework/Versions/A/Frameworks/ColorSync.framework/Versions/A/ColorSync
0x0000000004334000 	/System/Library/Frameworks/ApplicationServices.framework/Versions/A/Frameworks/HIServices.framework/Versions/A/HIServices
0x0000000004334000 	/System/Library/Frameworks/ApplicationServices.framework/Versions/A/Frameworks/LangAnalysis.framework/Versions/A/LangAnalysis
0x0000000004334000 	/System/Library/Frameworks/ApplicationServices.framework/Versions/A/Frameworks/PrintCore.framework/Versions/A/PrintCore
0x0000000004334000 	/System/Library/Frameworks/ApplicationServices.framework/Versions/A/Frameworks/QD.framework/Versions/A/QD
0x0000000004334000 	/System/Library/Frameworks/ApplicationServices.framework/Versions/A/Frameworks/SpeechSynthesis.framework/Versions/A/SpeechSynthesis
0x0000000004334000 	/System/Library/Frameworks/Accelerate.framework/Versions/A/Accelerate
0x0000000004334000 	/System/Library/Frameworks/Accelerate.framework/Versions/A/Frameworks/vImage.framework/Versions/A/vImage
0x0000000004334000 	/System/Library/Frameworks/Accelerate.framework/Versions/A/Frameworks/vecLib.framework/Versions/A/vecLib
0x0000000004334000 	/System/Library/Frameworks/Accelerate.framework/Versions/A/Frameworks/vecLib.framework/Versions/A/libvDSP.dylib
0x0000000004334000 	/System/Library/Frameworks/Accelerate.framework/Versions/A/Frameworks/vecLib.framework/Versions/A/libvMisc.dylib
0x0000000004334000 	/System/Library/Frameworks/Accelerate.framework/Versions/A/Frameworks/vecLib.framework/Versions/A/libLAPACK.dylib
0x0000000004334000 	/System/Library/Frameworks/Accelerate.framework/Versions/A/Frameworks/vecLib.framework/Versions/A/libBLAS.dylib
0x0000000004334000 	/System/Library/Frameworks/Accelerate.framework/Versions/A/Frameworks/vecLib.framework/Versions/A/libLinearAlgebra.dylib
0x0000000004334000 	/System/Library/Frameworks/ApplicationServices.framework/Versions/A/Frameworks/ATS.framework/Versions/A/Resources/libFontParser.dylib
0x0000000004334000 	/System/Library/Frameworks/ApplicationServices.framework/Versions/A/Frameworks/ATS.framework/Versions/A/Resources/libFontRegistry.dylib
0x0000000004334000 	/System/Library/PrivateFrameworks/AppleVPA.framework/Versions/A/AppleVPA
0x0000000004334000 	/System/Library/PrivateFrameworks/AppleJPEG.framework/Versions/A/AppleJPEG
0x0000000004334000 	/System/Library/Frameworks/ImageIO.framework/Versions/A/Resources/libJPEG.dylib
0x0000000004334000 	/System/Library/Frameworks/ImageIO.framework/Versions/A/Resources/libTIFF.dylib
0x0000000004334000 	/System/Library/Frameworks/ImageIO.framework/Versions/A/Resources/libPng.dylib
0x0000000004334000 	/System/Library/Frameworks/ImageIO.framework/Versions/A/Resources/libGIF.dylib
0x0000000004334000 	/System/Library/Frameworks/ImageIO.framework/Versions/A/Resources/libJP2.dylib
0x0000000004334000 	/System/Library/Frameworks/ImageIO.framework/Versions/A/Resources/libRadiance.dylib
0x0000000004334000 	/System/Library/Frameworks/CoreVideo.framework/Versions/A/CoreVideo
0x0000000004334000 	/System/Library/Frameworks/OpenGL.framework/Versions/A/Libraries/libGLU.dylib
0x0000000004334000 	/System/Library/Frameworks/OpenGL.framework/Versions/A/Libraries/libGFXShared.dylib
0x0000000004334000 	/System/Library/Frameworks/OpenGL.framework/Versions/A/Libraries/libGL.dylib
0x0000000004334000 	/System/Library/Frameworks/OpenGL.framework/Versions/A/Libraries/libGLImage.dylib
0x0000000004334000 	/System/Library/Frameworks/OpenGL.framework/Versions/A/Libraries/libCVMSPluginSupport.dylib
0x0000000004334000 	/System/Library/Frameworks/OpenGL.framework/Versions/A/Libraries/libCoreVMClient.dylib
0x0000000004334000 	/usr/lib/libcups.2.dylib
0x0000000004334000 	/System/Library/Frameworks/Kerberos.framework/Versions/A/Kerberos
0x0000000004334000 	/System/Library/Frameworks/GSS.framework/Versions/A/GSS
0x0000000004334000 	/usr/lib/libresolv.9.dylib
0x0000000004334000 	/usr/lib/libiconv.2.dylib
0x0000000004334000 	/System/Library/PrivateFrameworks/Heimdal.framework/Versions/A/Heimdal
0x0000000004334000 	/usr/lib/libheimdal-asn1.dylib
0x0000000004334000 	/System/Library/Frameworks/OpenDirectory.framework/Versions/A/OpenDirectory
0x0000000004334000 	/System/Library/PrivateFrameworks/CommonAuth.framework/Versions/A/CommonAuth
0x0000000004334000 	/System/Library/Frameworks/OpenDirectory.framework/Versions/A/Frameworks/CFOpenDirectory.framework/Versions/A/CFOpenDirectory
0x0000000004334000 	/System/Library/Frameworks/SecurityFoundation.framework/Versions/A/SecurityFoundation
0x0000000004334000 	/System/Library/PrivateFrameworks/LanguageModeling.framework/Versions/A/LanguageModeling
0x0000000004334000 	/usr/lib/libcmph.dylib
0x0000000004334000 	/System/Library/Frameworks/ServiceManagement.framework/Versions/A/ServiceManagement
0x0000000004334000 	/usr/lib/libxslt.1.dylib
0x0000000004334000 	/System/Library/Frameworks/Carbon.framework/Versions/A/Frameworks/Ink.framework/Versions/A/Ink
0x0000000004334000 	/System/Library/Frameworks/QuartzCore.framework/Versions/A/Frameworks/CoreImage.framework/Versions/A/CoreImage
0x0000000004334000 	/System/Library/PrivateFrameworks/CrashReporterSupport.framework/Versions/A/CrashReporterSupport
0x0000000004334000 	/System/Library/Frameworks/OpenCL.framework/Versions/A/OpenCL
0x0000000004334000 	/System/Library/PrivateFrameworks/FaceCore.framework/Versions/A/FaceCore
0x0000000004334000 	/System/Library/PrivateFrameworks/Ubiquity.framework/Versions/A/Ubiquity
0x0000000004334000 	/System/Library/PrivateFrameworks/IconServices.framework/Versions/A/IconServices
0x0000000004334000 	/System/Library/PrivateFrameworks/ChunkingLibrary.framework/Versions/A/ChunkingLibrary
0x0000000004334000 	/System/Library/PrivateFrameworks/Apple80211.framework/Versions/A/Apple80211
0x0000000004334000 	/System/Library/Frameworks/CoreWLAN.framework/Versions/A/CoreWLAN
0x0000000004334000 	/System/Library/Frameworks/IOBluetooth.framework/Versions/A/IOBluetooth
0x0000000004334000 	/System/Library/PrivateFrameworks/CoreWiFi.framework/Versions/A/CoreWiFi
0x0000000004334000 	/System/Library/Frameworks/CoreBluetooth.framework/Versions/A/CoreBluetooth
0x0000000004334000 	/System/Library/PrivateFrameworks/DebugSymbols.framework/Versions/A/DebugSymbols
0x0000000004334000 	/System/Library/PrivateFrameworks/CoreSymbolication.framework/Versions/A/CoreSymbolication
0x0000000004334000 	/System/Library/PrivateFrameworks/Symbolication.framework/Versions/A/Symbolication
0x0000000004334000 	/System/Library/PrivateFrameworks/SpeechRecognitionCore.framework/Versions/A/SpeechRecognitionCore
0x0000000103a00000 	/Library/Java/JavaVirtualMachines/jdk1.8.0_51.jdk/Contents/Home/jre/lib/server/libjvm.dylib
0x0000000004334000 	/usr/lib/libstdc++.6.dylib
0x0000000103156000 	/Library/Java/JavaVirtualMachines/jdk1.8.0_51.jdk/Contents/Home/jre/lib/libverify.dylib
0x0000000103164000 	/Library/Java/JavaVirtualMachines/jdk1.8.0_51.jdk/Contents/Home/jre/lib/libjava.dylib
0x00000001031a3000 	/Library/Java/JavaVirtualMachines/jdk1.8.0_51.jdk/Contents/Home/jre/lib/libzip.dylib
0x000000011a991000 	/System/Library/Frameworks/JavaVM.framework/Frameworks/JavaRuntimeSupport.framework/JavaRuntimeSupport
0x000000011a9a7000 	/System/Library/Frameworks/JavaVM.framework/Versions/A/Frameworks/JavaNativeFoundation.framework/Versions/A/JavaNativeFoundation
0x000000011a9bb000 	/System/Library/Frameworks/JavaVM.framework/Versions/A/JavaVM
0x0000000004334000 	/System/Library/Frameworks/Carbon.framework/Versions/A/Carbon
0x000000011a9c7000 	/System/Library/PrivateFrameworks/JavaLaunching.framework/Versions/A/JavaLaunching
0x0000000004334000 	/System/Library/Frameworks/Carbon.framework/Versions/A/Frameworks/CommonPanels.framework/Versions/A/CommonPanels
0x0000000004334000 	/System/Library/Frameworks/Carbon.framework/Versions/A/Frameworks/Help.framework/Versions/A/Help
0x0000000004334000 	/System/Library/Frameworks/Carbon.framework/Versions/A/Frameworks/ImageCapture.framework/Versions/A/ImageCapture
0x0000000004334000 	/System/Library/Frameworks/Carbon.framework/Versions/A/Frameworks/OpenScripting.framework/Versions/A/OpenScripting
0x0000000004334000 	/System/Library/Frameworks/Carbon.framework/Versions/A/Frameworks/Print.framework/Versions/A/Print
0x0000000004334000 	/System/Library/Frameworks/Carbon.framework/Versions/A/Frameworks/SecurityHI.framework/Versions/A/SecurityHI
0x000000011c9d6000 	/Library/Java/JavaVirtualMachines/jdk1.8.0_51.jdk/Contents/Home/jre/lib/libprism_es2.dylib
0x0000000004334000 	/System/Library/Frameworks/OpenGL.framework/Versions/A/Resources/GLEngine.bundle/GLEngine
0x0000000004334000 	/System/Library/Frameworks/OpenGL.framework/Versions/A/Libraries/libGLProgrammability.dylib
0x0000000000000000 	/System/Library/Extensions/AppleIntelBDWGraphicsGLDriver.bundle/Contents/MacOS/AppleIntelBDWGraphicsGLDriver
0x0000000004334000 	/System/Library/PrivateFrameworks/IOAccelerator.framework/Versions/A/IOAccelerator
0x0000000004334000 	/System/Library/PrivateFrameworks/GPUSupport.framework/Versions/A/Libraries/libGPUSupportMercury.dylib
0x0000000004334000 	/System/Library/Frameworks/OpenGL.framework/Versions/A/Resources/GLRendererFloat.bundle/GLRendererFloat
0x0000000004334000 	/System/Library/Frameworks/OpenCL.framework/Versions/A/Libraries/libcldcpuengine.dylib
0x0000000004334000 	/System/Library/PrivateFrameworks/DiskImages.framework/Versions/A/DiskImages
0x0000000004334000 	/System/Library/Frameworks/DiscRecording.framework/Versions/A/DiscRecording
0x0000000004334000 	/usr/lib/libcsfde.dylib
0x0000000004334000 	/usr/lib/libcurl.4.dylib
0x0000000004334000 	/System/Library/PrivateFrameworks/MediaKit.framework/Versions/A/MediaKit
0x0000000004334000 	/System/Library/PrivateFrameworks/ProtectedCloudStorage.framework/Versions/A/ProtectedCloudStorage
0x0000000004334000 	/usr/lib/libCoreStorage.dylib
0x0000000004334000 	/System/Library/PrivateFrameworks/EFILogin.framework/Versions/A/EFILogin
0x0000000004334000 	/usr/lib/libutil.dylib
0x0000000004334000 	/System/Library/PrivateFrameworks/FindMyDevice.framework/Versions/A/FindMyDevice
0x0000000004334000 	/System/Library/Frameworks/LDAP.framework/Versions/A/LDAP
0x0000000004334000 	/usr/lib/libsasl2.2.dylib
0x0000000004334000 	/System/Library/PrivateFrameworks/CoreDaemon.framework/Versions/B/CoreDaemon
0x0000000004334000 	/usr/lib/libcrypto.0.9.8.dylib
0x0000000004334000 	/System/Library/PrivateFrameworks/AppleSRP.framework/Versions/A/AppleSRP
0x0000000004334000 	/System/Library/PrivateFrameworks/TrustEvaluationAgent.framework/Versions/A/TrustEvaluationAgent
0x000000011cec7000 	/Library/Java/JavaVirtualMachines/jdk1.8.0_51.jdk/Contents/Home/jre/lib/libglass.dylib
0x0000000004334000 	/System/Library/PrivateFrameworks/CoreServicesInternal.framework/Versions/A/CoreServicesInternal
0x0000000004334000 	/System/Library/PrivateFrameworks/CloudDocs.framework/Versions/A/CloudDocs
0x0000000004334000 	/System/Library/PrivateFrameworks/CoreDuet.framework/Versions/A/CoreDuet
0x0000000004334000 	/System/Library/Frameworks/CloudKit.framework/Versions/A/CloudKit
0x0000000004334000 	/System/Library/PrivateFrameworks/ProtocolBuffer.framework/Versions/A/ProtocolBuffer
0x0000000004334000 	/System/Library/PrivateFrameworks/CoreDuetDaemonProtocol.framework/Versions/A/CoreDuetDaemonProtocol
0x0000000004334000 	/System/Library/PrivateFrameworks/CoreDuetDebugLogging.framework/Versions/A/CoreDuetDebugLogging
0x0000000004334000 	/System/Library/PrivateFrameworks/MMCS.framework/Versions/A/MMCS
0x0000000004334000 	/System/Library/Frameworks/CoreLocation.framework/Versions/A/CoreLocation
0x0000000004334000 	/System/Library/PrivateFrameworks/GeoServices.framework/Versions/A/GeoServices
0x0000000004334000 	/System/Library/Frameworks/CoreGraphics.framework/Versions/A/Resources/libCGCMS.A.dylib
0x0000000004334000 	/System/Library/CoreServices/RawCamera.bundle/Contents/MacOS/RawCamera
0x0000000004334000 	/System/Library/Frameworks/CoreGraphics.framework/Versions/A/Resources/libRIP.A.dylib
0x0000000004334000 	/System/Library/PrivateFrameworks/FamilyControls.framework/Versions/A/FamilyControls
0x0000000004334000 	/System/Library/PrivateFrameworks/CommerceKit.framework/Versions/A/Frameworks/CommerceCore.framework/Versions/A/CommerceCore
0x0000000004334000 	/System/Library/PrivateFrameworks/SystemAdministration.framework/Versions/A/SystemAdministration
0x0000000004334000 	/System/Library/PrivateFrameworks/AppContainer.framework/Versions/A/AppContainer
0x0000000004334000 	/System/Library/PrivateFrameworks/SecCodeWrapper.framework/Versions/A/SecCodeWrapper
0x0000000004334000 	/System/Library/Frameworks/DirectoryService.framework/Versions/A/DirectoryService
0x0000000004334000 	/System/Library/PrivateFrameworks/LoginUIKit.framework/Versions/A/Frameworks/LoginUICore.framework/Versions/A/LoginUICore
0x0000000004334000 	/usr/lib/libodfde.dylib
0x0000000120fb2000 	/Library/Java/JavaVirtualMachines/jdk1.8.0_51.jdk/Contents/Home/jre/lib/libjavafx_font.dylib
0x0000000004334000 	/System/Library/Frameworks/CoreGraphics.framework/Versions/A/Resources/libCGXType.A.dylib
0x000000011eacd000 	cl_kernels
0x0000000123b25000 	/System/Library/Frameworks/OpenCL.framework/Versions/A/Libraries/ImageFormats/unorm8_bgra.dylib
0x000000011eabf000 	cl_kernels
0x000000011eb8f000 	/Library/Java/JavaVirtualMachines/jdk1.8.0_51.jdk/Contents/Home/jre/lib/libprism_common.dylib
0x000000011ebb7000 	/System/Library/Frameworks/Security.framework/PlugIns/csparser.bundle/Contents/MacOS/csparser
0x0000000004334000 	/System/Library/PrivateFrameworks/FinderKit.framework/Versions/A/FinderKit
0x0000000004334000 	/System/Library/PrivateFrameworks/Suggestions.framework/Versions/A/Suggestions
0x0000000004334000 	/System/Library/Frameworks/Quartz.framework/Versions/A/Frameworks/QuickLookUI.framework/Versions/A/QuickLookUI
0x0000000004334000 	/System/Library/Frameworks/Quartz.framework/Versions/A/Frameworks/ImageKit.framework/Versions/A/ImageKit
0x0000000004334000 	/System/Library/PrivateFrameworks/Bom.framework/Versions/A/Bom
0x0000000004334000 	/System/Library/Frameworks/QuickLook.framework/Versions/A/QuickLook
0x0000000004334000 	/System/Library/PrivateFrameworks/AppleSystemInfo.framework/Versions/A/AppleSystemInfo
0x0000000004334000 	/System/Library/Frameworks/ImageCaptureCore.framework/Versions/A/ImageCaptureCore
0x0000000004334000 	/System/Library/Frameworks/AddressBook.framework/Versions/A/AddressBook
0x0000000004334000 	/System/Library/PrivateFrameworks/IntlPreferences.framework/Versions/A/IntlPreferences
0x0000000004334000 	/System/Library/PrivateFrameworks/ToneLibrary.framework/Versions/A/ToneLibrary
0x0000000004334000 	/System/Library/PrivateFrameworks/ToneKit.framework/Versions/A/ToneKit
0x0000000004334000 	/System/Library/PrivateFrameworks/vCard.framework/Versions/A/vCard
0x0000000004334000 	/System/Library/PrivateFrameworks/ApplePushService.framework/Versions/A/ApplePushService
0x0000000004334000 	/System/Library/PrivateFrameworks/ContactsData.framework/Versions/A/ContactsData
0x0000000004334000 	/System/Library/PrivateFrameworks/ContactsFoundation.framework/Versions/A/ContactsFoundation
0x0000000004334000 	/System/Library/Frameworks/SecurityInterface.framework/Versions/A/SecurityInterface
0x0000000004334000 	/System/Library/PrivateFrameworks/PhoneNumbers.framework/Versions/A/PhoneNumbers
0x0000000004334000 	/System/Library/Frameworks/Quartz.framework/Versions/A/Quartz
0x0000000004334000 	/System/Library/Frameworks/AVFoundation.framework/Versions/A/AVFoundation
0x0000000004334000 	/System/Library/Frameworks/AVFoundation.framework/Versions/A/Resources/libAVFAudio.dylib
0x0000000004334000 	/System/Library/Frameworks/CoreMedia.framework/Versions/A/CoreMedia
0x0000000004334000 	/System/Library/Frameworks/MediaToolbox.framework/Versions/A/MediaToolbox
0x0000000004334000 	/System/Library/Frameworks/VideoToolbox.framework/Versions/A/VideoToolbox
0x0000000004334000 	/System/Library/Frameworks/CoreMediaIO.framework/Versions/A/CoreMediaIO
0x0000000004334000 	/System/Library/PrivateFrameworks/MediaControlSender.framework/Versions/A/MediaControlSender
0x0000000004334000 	/System/Library/PrivateFrameworks/CoreAVCHD.framework/Versions/A/CoreAVCHD
0x0000000004334000 	/System/Library/Frameworks/MediaAccessibility.framework/Versions/A/MediaAccessibility
0x0000000004334000 	/System/Library/PrivateFrameworks/Mangrove.framework/Versions/A/Mangrove
0x0000000004334000 	/System/Library/PrivateFrameworks/CoreAUC.framework/Versions/A/CoreAUC
0x0000000004334000 	/System/Library/PrivateFrameworks/NetworkStatistics.framework/Versions/A/NetworkStatistics
0x0000000004334000 	/System/Library/PrivateFrameworks/AirPlaySupport.framework/Versions/A/AirPlaySupport
0x0000000004334000 	/System/Library/PrivateFrameworks/CoreUtils.framework/Versions/A/CoreUtils
0x0000000004334000 	/System/Library/PrivateFrameworks/AppleVA.framework/Versions/A/AppleVA
0x0000000004334000 	/System/Library/PrivateFrameworks/XPCService.framework/Versions/A/XPCService
0x0000000004334000 	/System/Library/PrivateFrameworks/AppSandbox.framework/Versions/A/AppSandbox
0x0000000004334000 	/usr/lib/libsandbox.1.dylib
0x0000000004334000 	/usr/lib/libMatch.1.dylib
0x0000000004334000 	/System/Library/PrivateFrameworks/SafariServices.framework/Versions/A/SafariServices
0x0000000004334000 	/usr/lib/libspindump.dylib
0x0000000004334000 	/System/Library/Frameworks/QTKit.framework/Versions/A/QTKit
0x0000000004334000 	/System/Library/PrivateFrameworks/CoreMediaAuthoring.framework/Versions/A/CoreMediaAuthoring
0x0000000004334000 	/System/Library/Frameworks/Quartz.framework/Versions/A/Frameworks/QuartzComposer.framework/Versions/A/QuartzComposer
0x0000000004334000 	/System/Library/Frameworks/Quartz.framework/Versions/A/Frameworks/PDFKit.framework/Versions/A/PDFKit
0x0000000004334000 	/System/Library/Frameworks/Quartz.framework/Versions/A/Frameworks/QuartzFilters.framework/Versions/A/QuartzFilters
0x0000000004334000 	/System/Library/Frameworks/JavaScriptCore.framework/Versions/A/JavaScriptCore
0x0000000004334000 	/System/Library/PrivateFrameworks/CorePDF.framework/Versions/A/CorePDF
0x0000000004334000 	/System/Library/PrivateFrameworks/DisplayServices.framework/Versions/A/DisplayServices
0x0000000004334000 	/System/Library/PrivateFrameworks/AppleFSCompression.framework/Versions/A/AppleFSCompression
0x000000011d34e000 	/System/Library/PrivateFrameworks/CacheDelete.framework/CacheDelete
0x0000000004334000 	/System/Library/PrivateFrameworks/PlugInKit.framework/Versions/A/PlugInKit
0x00000001287d3000 	/System/Library/Frameworks/OpenCL.framework/Versions/A/Libraries/ImageFormats/unorm8_rgba.dylib
0x000000011eb66000 	cl_kernels
0x0000000120a8f000 	cl_kernels
0x0000000120d00000 	cl_kernels

VM Arguments:
jvm_args: -Dfile.encoding=UTF-8 
java_command: registrationForm.Main
java_class_path (initial): /Users/divamgupta/college assignments/sem 3/ap/project 1/userSideProj/bin:/Applications/Eclipse.app/Contents/Eclipse/plugins/org.eclipse.fx.ide.css.jfx8_2.0.0.201506111511.jar
Launcher Type: SUN_STANDARD

Environment Variables:
PATH=/usr/bin:/bin:/usr/sbin:/sbin
SHELL=/bin/bash

Signal Handlers:
SIGSEGV: [libjvm.dylib+0x58ef35], sa_mask[0]=11111111011111110111111111111111, sa_flags=SA_ONSTACK|SA_RESTART|SA_SIGINFO
SIGBUS: [libjvm.dylib+0x58ef35], sa_mask[0]=11111111011111110111111111111111, sa_flags=SA_RESTART|SA_SIGINFO
SIGFPE: [libjvm.dylib+0x46c028], sa_mask[0]=11111111011111110111111111111111, sa_flags=SA_RESTART|SA_SIGINFO
SIGPIPE: [libjvm.dylib+0x46c028], sa_mask[0]=11111111011111110111111111111111, sa_flags=SA_RESTART|SA_SIGINFO
SIGXFSZ: [libjvm.dylib+0x46c028], sa_mask[0]=11111111011111110111111111111111, sa_flags=SA_RESTART|SA_SIGINFO
SIGILL: [libjvm.dylib+0x46c028], sa_mask[0]=11111111011111110111111111111111, sa_flags=SA_RESTART|SA_SIGINFO
SIGUSR1: SIG_DFL, sa_mask[0]=00000000000000000000000000000000, sa_flags=none
SIGUSR2: [libjvm.dylib+0x46bb46], sa_mask[0]=00100000000000000000000000000000, sa_flags=SA_RESTART|SA_SIGINFO
SIGHUP: [libjvm.dylib+0x46a119], sa_mask[0]=11111111011111110111111111111111, sa_flags=SA_RESTART|SA_SIGINFO
SIGINT: [libjvm.dylib+0x46a119], sa_mask[0]=11111111011111110111111111111111, sa_flags=SA_RESTART|SA_SIGINFO
SIGTERM: [libjvm.dylib+0x46a119], sa_mask[0]=11111111011111110111111111111111, sa_flags=SA_RESTART|SA_SIGINFO
SIGQUIT: [libjvm.dylib+0x46a119], sa_mask[0]=11111111011111110111111111111111, sa_flags=SA_RESTART|SA_SIGINFO


---------------  S Y S T E M  ---------------

OS:Bsduname:Darwin 14.3.0 Darwin Kernel Version 14.3.0: Mon Mar 23 11:59:05 PDT 2015; root:xnu-2782.20.48~5/RELEASE_X86_64 x86_64
rlimit: STACK 8192k, CORE 0k, NPROC 709, NOFILE 10240, AS infinity
load average:1.85 1.95 1.72

CPU:total 4 (2 cores per cpu, 2 threads per core) family 6 model 61 stepping 4, cmov, cx8, fxsr, mmx, sse, sse2, sse3, ssse3, sse4.1, sse4.2, popcnt, avx, avx2, aes, clmul, erms, 3dnowpref, lzcnt, ht, tsc, tscinvbit, bmi1, bmi2, adx

Memory: 4k page, physical 8388608k(839340k free)

/proc/meminfo:


vm_info: Java HotSpot(TM) 64-Bit Server VM (25.51-b03) for bsd-amd64 JRE (1.8.0_51-b16), built on Jun  8 2015 18:01:11 by "java_re" with gcc 4.2.1 (Based on Apple Inc. build 5658) (LLVM build 2336.11.00)

time: Thu Sep 17 22:21:41 2015
elapsed time: 1064 seconds (0d 0h 17m 44s)

