#
# A fatal error has been detected by the Java Runtime Environment:
#
#  SIGSEGV (0xb) at pc=0x00000001204a55dd, pid=92806, tid=1811
#
# JRE version: Java(TM) SE Runtime Environment (8.0_51-b16) (build 1.8.0_51-b16)
# Java VM: Java HotSpot(TM) 64-Bit Server VM (25.51-b03 mixed mode bsd-amd64 compressed oops)
# Problematic frame:
# C  [libglass.dylib+0x155dd]  GlassScreenDidChangeScreenParameters+0x9d
#
# Failed to write core dump. Core dumps have been disabled. To enable core dumping, try "ulimit -c unlimited" before starting Java again
#
# If you would like to submit a bug report, please visit:
#   http://bugreport.java.com/bugreport/crash.jsp
#

---------------  T H R E A D  ---------------

Current thread is native thread

siginfo: si_signo: 11 (SIGSEGV), si_code: 1 (SEGV_MAPERR), si_addr: 0x0000000000000000

Registers:
RAX=0x00000001204d7bc0, RBX=0x0000000000000000, RCX=0x1600c9a120811a81, RDX=0x00007f9a4153b3f0
RSP=0x00007fff596f72a0, RBP=0x00007fff596f72b0, RSI=0x00007f9a41601e00, RDI=0x0000000000000000
R8 =0x00007fff596f7150, R9 =0x00007fff72d0c300, R10=0x0000000000000000, R11=0x0000000000000246
R12=0x00007f9a41703740, R13=0x00000000000f426a, R14=0x00007f9a414acc30, R15=0x00007fff596f73f0
RIP=0x00000001204a55dd, EFLAGS=0x0000000000010206, ERR=0x0000000000000004
  TRAPNO=0x000000000000000e

Top of Stack: (sp=0x00007fff596f72a0)
0x00007fff596f72a0:   00007fff596f7480 00007f9a414acc30
0x00007fff596f72b0:   00007fff596f72c0 00007fff89a8645c
0x00007fff596f72c0:   00007fff596f7620 00007fff89976634
0x00007fff596f72d0:   00007fff596f7320 0000000000000a00
0x00007fff596f72e0:   00007fff720c3ed0 00007f9a4a017e00
0x00007fff596f72f0:   0000000000001001 0000000000000c78
0x00007fff596f7300:   00007f9a4a017e00 00007f9a414acc30
0x00007fff596f7310:   0000000000000000 00007fff596f73f0
0x00007fff596f7320:   0000000000000000 00007f9a414acbf0
0x00007fff596f7330:   00007fff596f7470 0000000000000085
0x00007fff596f7340:   00000000000f4716 00007f9a41585b50
0x00007fff596f7350:   00007f9a4146b7a0 00007f9a41703740
0x00007fff596f7360:   0000000000000001 00000000000f426a
0x00007fff596f7370:   00007f9a41703730 00007fff9041bacb
0x00007fff596f7380:   0000000000000001 0000000000000001
0x00007fff596f7390:   0000000000000030 0000000000000001
0x00007fff596f73a0:   00007fff596f73c0 00007fff90421231
0x00007fff596f73b0:   00007fff720c1fb0 0000000000000000
0x00007fff596f73c0:   00007fff596f73e0 000000000000000c
0x00007fff596f73d0:   00306103468c6000 00007f9a41703764
0x00007fff596f73e0:   0000000000000000 00007fff8996c10f
0x00007fff596f73f0:   00007f9a414acc30 00007fff720c1fb0
0x00007fff596f7400:   00007fff596f7480 00007fff89974c3f
0x00007fff596f7410:   00007fff596f748c 00007fff596f7490
0x00007fff596f7420:   0000000106524a00 0000000000000002
0x00007fff596f7430:   0000000106521000 00007f9a41580a02
0x00007fff596f7440:   0000000000000003 0000000106525400
0x00007fff596f7450:   00007fff596f7540 00007fff9041a2a2
0x00007fff596f7460:   00007f9a41513b70 00007fff596f7628
0x00007fff596f7470:   0000000000000017 0000000000000000
0x00007fff596f7480:   00000000000f426a 00007fff8996c403
0x00007fff596f7490:   00007fff00000000 00007f9a4165aa00 

Instructions: (pc=0x00000001204a55dd)
0x00000001204a55bd:   89 df 4c 89 f1 41 ff 90 68 04 00 00 48 8d 05 f8
0x00000001204a55cd:   24 03 00 48 8b 30 48 8d 05 e6 25 03 00 48 8b 10
0x00000001204a55dd:   48 8b 0b 30 c0 48 89 df ff 91 68 04 00 00 48 8b
0x00000001204a55ed:   03 48 89 df ff 50 78 48 85 c0 74 36 49 89 c6 48 

Register to memory mapping:

RAX=0x00000001204d7bc0: jScreenNotifySettingsChanged+0 in /Library/Java/JavaVirtualMachines/jdk1.8.0_51.jdk/Contents/Home/jre/lib/libglass.dylib at 0x0000000120490000
RBX=0x0000000000000000 is an unknown value
RCX=0x1600c9a120811a81 is an unknown value
RDX=0x00007f9a4153b3f0 is an unknown value
RSP=0x00007fff596f72a0 is an unknown value
RBP=0x00007fff596f72b0 is an unknown value
RSI=0x00007f9a41601e00 is a global jni handle
RDI=0x0000000000000000 is an unknown value
R8 =0x00007fff596f7150 is an unknown value
R9 =0x00007fff72d0c300: _thread+0 in /usr/lib/system/libsystem_pthread.dylib at 0x00007fff8eb6d000
R10=0x0000000000000000 is an unknown value
R11=0x0000000000000246 is an unknown value
R12=0x00007f9a41703740 is an unknown value
R13=0x00000000000f426a is an unknown value
R14=0x00007f9a414acc30 is an unknown value
R15=0x00007fff596f73f0 is an unknown value


Stack: [0x00007fff58efa000,0x00007fff596fa000],  sp=0x00007fff596f72a0,  free space=8180k
Native frames: (J=compiled Java code, j=interpreted, Vv=VM code, C=native code)
C  [libglass.dylib+0x155dd]  GlassScreenDidChangeScreenParameters+0x9d
C  [CoreFoundation+0x12045c]  __CFNOTIFICATIONCENTER_IS_CALLING_OUT_TO_AN_OBSERVER__+0xc
C  [CoreFoundation+0x10634]  _CFXNotificationPost+0xc44
C  [Foundation+0x79d1]  -[NSNotificationCenter postNotificationName:object:userInfo:]+0x42
C  [AppKit+0x40df7e]  -[NSApplication _reactToScreenInvalidationImmediately:]+0x17b
C  [AppKit+0x40ddc7]  __44-[NSApplication _reactToScreenInvalidation:]_block_invoke+0x4b
C  [CoreFoundation+0x808ec]  __CFRUNLOOP_IS_CALLING_OUT_TO_A_BLOCK__+0xc
C  [CoreFoundation+0x729f5]  __CFRunLoopDoBlocks+0x155
C  [CoreFoundation+0x72536]  __CFRunLoopRun+0x716
C  [CoreFoundation+0x71bd8]  CFRunLoopRunSpecific+0x128
C  [java+0x6463]  CreateExecutionEnvironment+0x367
C  [java+0x21ac]  JLI_Launch+0x7a0
C  [java+0x84c0]  main+0x65
C  [java+0x1a04]  start+0x34


---------------  P R O C E S S  ---------------

VM state:at safepoint (normal execution)

VM Mutex/Monitor currently owned by a thread:  ([mutex/lock_event])
[0x00007f9a4141f4e0] Threads_lock - owner thread: 0x00007f9a43013800
[0x00007f9a4141f9e0] Heap_lock - owner thread: 0x00007f9a4801b800

Heap:
 PSYoungGen      total 37888K, used 4073K [0x0000000795580000, 0x0000000799080000, 0x00000007c0000000)
  eden space 32768K, 7% used [0x0000000795580000,0x000000079580a458,0x0000000797580000)
  from space 5120K, 28% used [0x0000000797600000,0x0000000797770000,0x0000000797b00000)
  to   space 13824K, 0% used [0x0000000798300000,0x0000000798300000,0x0000000799080000)
 ParOldGen       total 71680K, used 11863K [0x0000000740000000, 0x0000000744600000, 0x0000000795580000)
  object space 71680K, 16% used [0x0000000740000000,0x0000000740b95da0,0x0000000744600000)
 Metaspace       used 20634K, capacity 22176K, committed 22400K, reserved 1069056K
  class space    used 2825K, capacity 3125K, committed 3200K, reserved 1048576K

Card table byte_map: [0x0000000117329000,0x000000011772a000] byte_map_base: 0x0000000113929000

Marking Bits: (ParMarkBitMap*) 0x00000001078c27a0
 Begin Bits: [0x0000000117de1000, 0x0000000119de1000)
 End Bits:   [0x0000000119de1000, 0x000000011bde1000)

Polling page: 0x0000000106762000

CodeCache: size=245760Kb used=13888Kb max_used=14179Kb free=231871Kb
 bounds [0x0000000107f69000, 0x0000000108d69000, 0x0000000116f69000]
 total_blobs=5043 nmethods=4377 adapters=577
 compilation: enabled

Compilation events (10 events):
Event: 669.710 Thread 0x00007f9a43041800 5011       4       javafx.css.StyleableObjectProperty::applyStyle (11 bytes)
Event: 669.710 Thread 0x00007f9a43041800 nmethod 5011 0x000000010840e590 code [0x000000010840e6e0, 0x000000010840e798]
Event: 670.232 Thread 0x00007f9a4303f800 5012       4       com.sun.javafx.css.parser.LadderConverter::convert (71 bytes)
Event: 670.273 Thread 0x00007f9a43042000 5014       3       com.sun.javafx.application.PlatformImpl$$Lambda$48/237061348::run (12 bytes)
Event: 670.274 Thread 0x00007f9a43042000 nmethod 5014 0x00000001085ac350 code [0x00000001085ac4c0, 0x00000001085ac668]
Event: 670.274 Thread 0x00007f9a43042000 5013       3       com.sun.javafx.tk.quantum.QuantumToolkit::defer (16 bytes)
Event: 670.275 Thread 0x00007f9a43042000 nmethod 5013 0x0000000108855450 code [0x00000001088555e0, 0x0000000108855a88]
Event: 670.282 Thread 0x00007f9a4303f800 nmethod 5012 0x000000010843cad0 code [0x000000010843cd00, 0x000000010843d6a8]
Event: 671.994 Thread 0x00007f9a43042000 5015       3       java.util.concurrent.CopyOnWriteArrayList$COWIterator::hasNext (18 bytes)
Event: 671.995 Thread 0x00007f9a43042000 nmethod 5015 0x00000001085abf50 code [0x00000001085ac0c0, 0x00000001085ac290]

GC Heap History (10 events):
Event: 10.159 GC heap before
{Heap before GC invocations=2 (full 0):
 PSYoungGen      total 38400K, used 37968K [0x0000000795580000, 0x0000000798000000, 0x00000007c0000000)
  eden space 33280K, 100% used [0x0000000795580000,0x0000000797600000,0x0000000797600000)
  from space 5120K, 91% used [0x0000000797600000,0x0000000797a94050,0x0000000797b00000)
  to   space 5120K, 0% used [0x0000000797b00000,0x0000000797b00000,0x0000000798000000)
 ParOldGen       total 87552K, used 80K [0x0000000740000000, 0x0000000745580000, 0x0000000795580000)
  object space 87552K, 0% used [0x0000000740000000,0x0000000740014010,0x0000000745580000)
 Metaspace       used 19617K, capacity 21010K, committed 21296K, reserved 1067008K
  class space    used 2799K, capacity 3076K, committed 3200K, reserved 1048576K
Event: 10.178 GC heap after
Heap after GC invocations=2 (full 0):
 PSYoungGen      total 38400K, used 5104K [0x0000000795580000, 0x0000000798000000, 0x00000007c0000000)
  eden space 33280K, 0% used [0x0000000795580000,0x0000000795580000,0x0000000797600000)
  from space 5120K, 99% used [0x0000000797b00000,0x0000000797ffc030,0x0000000798000000)
  to   space 5120K, 0% used [0x0000000797600000,0x0000000797600000,0x0000000797b00000)
 ParOldGen       total 87552K, used 7373K [0x0000000740000000, 0x0000000745580000, 0x0000000795580000)
  object space 87552K, 8% used [0x0000000740000000,0x00000007407334b0,0x0000000745580000)
 Metaspace       used 19617K, capacity 21010K, committed 21296K, reserved 1067008K
  class space    used 2799K, capacity 3076K, committed 3200K, reserved 1048576K
}
Event: 11.311 GC heap before
{Heap before GC invocations=3 (full 0):
 PSYoungGen      total 38400K, used 6646K [0x0000000795580000, 0x0000000798000000, 0x00000007c0000000)
  eden space 33280K, 4% used [0x0000000795580000,0x0000000795701890,0x0000000797600000)
  from space 5120K, 99% used [0x0000000797b00000,0x0000000797ffc030,0x0000000798000000)
  to   space 5120K, 0% used [0x0000000797600000,0x0000000797600000,0x0000000797b00000)
 ParOldGen       total 87552K, used 7373K [0x0000000740000000, 0x0000000745580000, 0x0000000795580000)
  object space 87552K, 8% used [0x0000000740000000,0x00000007407334b0,0x0000000745580000)
 Metaspace       used 19703K, capacity 21146K, committed 21296K, reserved 1067008K
  class space    used 2799K, capacity 3076K, committed 3200K, reserved 1048576K
Event: 11.322 GC heap after
Heap after GC invocations=3 (full 0):
 PSYoungGen      total 38400K, used 5088K [0x0000000795580000, 0x0000000798000000, 0x00000007c0000000)
  eden space 33280K, 0% used [0x0000000795580000,0x0000000795580000,0x0000000797600000)
  from space 5120K, 99% used [0x0000000797600000,0x0000000797af8020,0x0000000797b00000)
  to   space 5120K, 0% used [0x0000000797b00000,0x0000000797b00000,0x0000000798000000)
 ParOldGen       total 87552K, used 7467K [0x0000000740000000, 0x0000000745580000, 0x0000000795580000)
  object space 87552K, 8% used [0x0000000740000000,0x000000074074af48,0x0000000745580000)
 Metaspace       used 19703K, capacity 21146K, committed 21296K, reserved 1067008K
  class space    used 2799K, capacity 3076K, committed 3200K, reserved 1048576K
}
Event: 11.322 GC heap before
{Heap before GC invocations=4 (full 1):
 PSYoungGen      total 38400K, used 5088K [0x0000000795580000, 0x0000000798000000, 0x00000007c0000000)
  eden space 33280K, 0% used [0x0000000795580000,0x0000000795580000,0x0000000797600000)
  from space 5120K, 99% used [0x0000000797600000,0x0000000797af8020,0x0000000797b00000)
  to   space 5120K, 0% used [0x0000000797b00000,0x0000000797b00000,0x0000000798000000)
 ParOldGen       total 87552K, used 7467K [0x0000000740000000, 0x0000000745580000, 0x0000000795580000)
  object space 87552K, 8% used [0x0000000740000000,0x000000074074af48,0x0000000745580000)
 Metaspace       used 19703K, capacity 21146K, committed 21296K, reserved 1067008K
  class space    used 2799K, capacity 3076K, committed 3200K, reserved 1048576K
Event: 11.397 GC heap after
Heap after GC invocations=4 (full 1):
 PSYoungGen      total 38400K, used 0K [0x0000000795580000, 0x0000000798000000, 0x00000007c0000000)
  eden space 33280K, 0% used [0x0000000795580000,0x0000000795580000,0x0000000797600000)
  from space 5120K, 0% used [0x0000000797600000,0x0000000797600000,0x0000000797b00000)
  to   space 5120K, 0% used [0x0000000797b00000,0x0000000797b00000,0x0000000798000000)
 ParOldGen       total 71680K, used 11847K [0x0000000740000000, 0x0000000744600000, 0x0000000795580000)
  object space 71680K, 16% used [0x0000000740000000,0x0000000740b91da0,0x0000000744600000)
 Metaspace       used 19703K, capacity 21146K, committed 21296K, reserved 1067008K
  class space    used 2799K, capacity 3076K, committed 3200K, reserved 1048576K
}
Event: 173.771 GC heap before
{Heap before GC invocations=5 (full 1):
 PSYoungGen      total 38400K, used 33280K [0x0000000795580000, 0x0000000798000000, 0x00000007c0000000)
  eden space 33280K, 100% used [0x0000000795580000,0x0000000797600000,0x0000000797600000)
  from space 5120K, 0% used [0x0000000797600000,0x0000000797600000,0x0000000797b00000)
  to   space 5120K, 0% used [0x0000000797b00000,0x0000000797b00000,0x0000000798000000)
 ParOldGen       total 71680K, used 11847K [0x0000000740000000, 0x0000000744600000, 0x0000000795580000)
  object space 71680K, 16% used [0x0000000740000000,0x0000000740b91da0,0x0000000744600000)
 Metaspace       used 20347K, capacity 21822K, committed 22144K, reserved 1069056K
  class space    used 2818K, capacity 3118K, committed 3200K, reserved 1048576K
Event: 173.773 GC heap after
Heap after GC invocations=5 (full 1):
 PSYoungGen      total 38400K, used 1088K [0x0000000795580000, 0x0000000798000000, 0x00000007c0000000)
  eden space 33280K, 0% used [0x0000000795580000,0x0000000795580000,0x0000000797600000)
  from space 5120K, 21% used [0x0000000797b00000,0x0000000797c10000,0x0000000798000000)
  to   space 5120K, 0% used [0x0000000797600000,0x0000000797600000,0x0000000797b00000)
 ParOldGen       total 71680K, used 11855K [0x0000000740000000, 0x0000000744600000, 0x0000000795580000)
  object space 71680K, 16% used [0x0000000740000000,0x0000000740b93da0,0x0000000744600000)
 Metaspace       used 20347K, capacity 21822K, committed 22144K, reserved 1069056K
  class space    used 2818K, capacity 3118K, committed 3200K, reserved 1048576K
}
Event: 596.244 GC heap before
{Heap before GC invocations=6 (full 1):
 PSYoungGen      total 38400K, used 34368K [0x0000000795580000, 0x0000000798000000, 0x00000007c0000000)
  eden space 33280K, 100% used [0x0000000795580000,0x0000000797600000,0x0000000797600000)
  from space 5120K, 21% used [0x0000000797b00000,0x0000000797c10000,0x0000000798000000)
  to   space 5120K, 0% used [0x0000000797600000,0x0000000797600000,0x0000000797b00000)
 ParOldGen       total 71680K, used 11855K [0x0000000740000000, 0x0000000744600000, 0x0000000795580000)
  object space 71680K, 16% used [0x0000000740000000,0x0000000740b93da0,0x0000000744600000)
 Metaspace       used 20604K, capacity 22150K, committed 22400K, reserved 1069056K
  class space    used 2819K, capacity 3118K, committed 3200K, reserved 1048576K
Event: 596.247 GC heap after
Heap after GC invocations=6 (full 1):
 PSYoungGen      total 37888K, used 1472K [0x0000000795580000, 0x0000000799080000, 0x00000007c0000000)
  eden space 32768K, 0% used [0x0000000795580000,0x0000000795580000,0x0000000797580000)
  from space 5120K, 28% used [0x0000000797600000,0x0000000797770000,0x0000000797b00000)
  to   space 13824K, 0% used [0x0000000798300000,0x0000000798300000,0x0000000799080000)
 ParOldGen       total 71680K, used 11863K [0x0000000740000000, 0x0000000744600000, 0x0000000795580000)
  object space 71680K, 16% used [0x0000000740000000,0x0000000740b95da0,0x0000000744600000)
 Metaspace       used 20604K, capacity 22150K, committed 22400K, reserved 1069056K
  class space    used 2819K, capacity 3118K, committed 3200K, reserved 1048576K
}

Deoptimization events (10 events):
Event: 171.371 Thread 0x00007f9a42136000 Uncommon trap: reason=unstable_if action=reinterpret pc=0x00000001088e2e94 method=com.sun.javafx.geom.transform.AffineBase.updateState2D()V @ 95
Event: 171.371 Thread 0x00007f9a42136000 Uncommon trap: reason=unstable_if action=reinterpret pc=0x0000000108a7bfc8 method=java.lang.Math.round(F)I @ 36
Event: 171.371 Thread 0x00007f9a42136000 Uncommon trap: reason=unstable_if action=reinterpret pc=0x00000001089aa018 method=java.lang.Math.round(F)I @ 36
Event: 171.371 Thread 0x00007f9a42136000 Uncommon trap: reason=unstable_if action=reinterpret pc=0x000000010887be24 method=java.lang.Math.round(F)I @ 36
Event: 171.372 Thread 0x00007f9a42136000 Uncommon trap: reason=unstable_if action=reinterpret pc=0x0000000108a368e0 method=com.sun.javafx.geom.transform.AffineBase.updateState2D()V @ 95
Event: 172.204 Thread 0x00007f9a4309a000 Uncommon trap: reason=class_check action=maybe_recompile pc=0x0000000108a59570 method=com.sun.javafx.event.CompositeEventHandler.dispatchCapturingEvent(Ljavafx/event/Event;)V @ 12
Event: 172.204 Thread 0x00007f9a4309a000 Uncommon trap: reason=class_check action=maybe_recompile pc=0x0000000108b45c38 method=com.sun.javafx.event.CompositeEventHandler.dispatchBubblingEvent(Ljavafx/event/Event;)V @ 12
Event: 172.233 Thread 0x00007f9a4309a000 Uncommon trap: reason=class_check action=maybe_recompile pc=0x0000000108b40b40 method=com.sun.javafx.event.CompositeEventHandler.dispatchBubblingEvent(Ljavafx/event/Event;)V @ 12
Event: 181.718 Thread 0x00007f9a4309a000 Uncommon trap: reason=unstable_if action=reinterpret pc=0x0000000108c02268 method=java.lang.Double.compare(DD)I @ 3
Event: 671.996 Thread 0x00007f9a4309a000 Uncommon trap: reason=unstable_if action=reinterpret pc=0x000000010824aaa4 method=java.util.concurrent.locks.ReentrantLock$Sync.tryRelease(I)Z @ 28

Internal exceptions (10 events):
Event: 0.749 Thread 0x00007f9a4309a000 Exception <a 'java/lang/ArrayIndexOutOfBoundsException': 86> (0x00000007967f6fb0) thrown at [/Users/java_re/workspace/8-2-build-macosx-x86_64/jdk8u51/3951/hotspot/src/share/vm/interpreter/interpreterRuntime.cpp, line 366]
Event: 0.948 Thread 0x00007f9a4309a000 Exception <a 'java/lang/ArrayIndexOutOfBoundsException'> (0x0000000796a6dbe8) thrown at [/Users/java_re/workspace/8-2-build-macosx-x86_64/jdk8u51/3951/hotspot/src/share/vm/runtime/sharedRuntime.cpp, line 605]
Event: 1.395 Thread 0x00007f9a4309a000 Implicit null exception at 0x00000001081f2ef5 to 0x00000001081f30f1
Event: 2.242 Thread 0x00007f9a4309a000 Implicit null exception at 0x00000001082d0569 to 0x00000001082d05bd
Event: 2.410 Thread 0x00007f9a4309a000 Implicit null exception at 0x0000000108310911 to 0x0000000108310eb5
Event: 6.063 Thread 0x00007f9a4309a000 Exception <a 'java/lang/NoSuchMethodError': <clinit>> (0x0000000796ae7730) thrown at [/Users/java_re/workspace/8-2-build-macosx-x86_64/jdk8u51/3951/hotspot/src/share/vm/prims/jni.cpp, line 1598]
Event: 6.119 Thread 0x00007f9a4309a000 Implicit null exception at 0x0000000108240f35 to 0x00000001082412a1
Event: 6.119 Thread 0x00007f9a4309a000 Implicit null exception at 0x00000001081981f5 to 0x0000000108198555
Event: 26.159 Thread 0x00007f9a4309a000 Implicit null exception at 0x0000000108891178 to 0x000000010889913d
Event: 170.571 Thread 0x00007f9a4309a000 Implicit null exception at 0x000000010891d908 to 0x000000010891e231

Events (10 events):
Event: 671.997 Thread 0x00007f9a41811800 Thread exited: 0x00007f9a41811800
Event: 671.997 Thread 0x00007f9a4801b800 Thread added: 0x00007f9a4801b800
Event: 671.997 Thread 0x00007f9a4309a000 Thread exited: 0x00007f9a4309a000
Event: 671.997 loading class java/util/IdentityHashMap$KeySet
Event: 671.997 loading class java/util/IdentityHashMap$KeySet done
Event: 671.997 loading class java/util/IdentityHashMap$KeyIterator
Event: 671.997 loading class java/util/IdentityHashMap$IdentityHashMapIterator
Event: 671.997 loading class java/util/IdentityHashMap$IdentityHashMapIterator done
Event: 671.997 loading class java/util/IdentityHashMap$KeyIterator done
Event: 671.997 Thread 0x00007f9a4801b800 Thread exited: 0x00007f9a4801b800


Dynamic libraries:
0x000000000092b000 	/System/Library/Frameworks/Cocoa.framework/Versions/A/Cocoa
0x000000000092b000 	/System/Library/Frameworks/Security.framework/Versions/A/Security
0x000000000092b000 	/System/Library/Frameworks/ApplicationServices.framework/Versions/A/ApplicationServices
0x000000000092b000 	/usr/lib/libz.1.dylib
0x000000000092b000 	/usr/lib/libSystem.B.dylib
0x000000000092b000 	/usr/lib/libobjc.A.dylib
0x000000000092b000 	/System/Library/Frameworks/CoreFoundation.framework/Versions/A/CoreFoundation
0x000000000092b000 	/System/Library/Frameworks/Foundation.framework/Versions/C/Foundation
0x000000000092b000 	/System/Library/Frameworks/AppKit.framework/Versions/C/AppKit
0x000000000092b000 	/System/Library/Frameworks/CoreData.framework/Versions/A/CoreData
0x000000000092b000 	/System/Library/PrivateFrameworks/RemoteViewServices.framework/Versions/A/RemoteViewServices
0x000000000092b000 	/System/Library/PrivateFrameworks/UIFoundation.framework/Versions/A/UIFoundation
0x000000000092b000 	/System/Library/Frameworks/IOSurface.framework/Versions/A/IOSurface
0x000000000092b000 	/System/Library/Frameworks/AudioToolbox.framework/Versions/A/AudioToolbox
0x000000000092b000 	/System/Library/Frameworks/AudioUnit.framework/Versions/A/AudioUnit
0x000000000092b000 	/System/Library/PrivateFrameworks/DataDetectorsCore.framework/Versions/A/DataDetectorsCore
0x000000000092b000 	/System/Library/PrivateFrameworks/DesktopServicesPriv.framework/Versions/A/DesktopServicesPriv
0x000000000092b000 	/System/Library/Frameworks/Carbon.framework/Versions/A/Frameworks/HIToolbox.framework/Versions/A/HIToolbox
0x000000000092b000 	/System/Library/Frameworks/QuartzCore.framework/Versions/A/QuartzCore
0x000000000092b000 	/System/Library/Frameworks/Carbon.framework/Versions/A/Frameworks/SpeechRecognition.framework/Versions/A/SpeechRecognition
0x000000000092b000 	/usr/lib/libauto.dylib
0x000000000092b000 	/usr/lib/libicucore.A.dylib
0x000000000092b000 	/usr/lib/libxml2.2.dylib
0x000000000092b000 	/System/Library/PrivateFrameworks/CoreUI.framework/Versions/A/CoreUI
0x000000000092b000 	/System/Library/Frameworks/CoreAudio.framework/Versions/A/CoreAudio
0x000000000092b000 	/System/Library/Frameworks/DiskArbitration.framework/Versions/A/DiskArbitration
0x000000000092b000 	/usr/lib/liblangid.dylib
0x000000000092b000 	/System/Library/PrivateFrameworks/MultitouchSupport.framework/Versions/A/MultitouchSupport
0x000000000092b000 	/System/Library/Frameworks/IOKit.framework/Versions/A/IOKit
0x000000000092b000 	/usr/lib/libDiagnosticMessagesClient.dylib
0x000000000092b000 	/System/Library/Frameworks/CoreServices.framework/Versions/A/CoreServices
0x000000000092b000 	/System/Library/PrivateFrameworks/PerformanceAnalysis.framework/Versions/A/PerformanceAnalysis
0x000000000092b000 	/System/Library/PrivateFrameworks/GenerationalStorage.framework/Versions/A/GenerationalStorage
0x000000000092b000 	/System/Library/Frameworks/OpenGL.framework/Versions/A/OpenGL
0x000000000092b000 	/System/Library/PrivateFrameworks/Sharing.framework/Versions/A/Sharing
0x000000000092b000 	/System/Library/Frameworks/CoreGraphics.framework/Versions/A/CoreGraphics
0x000000000092b000 	/System/Library/Frameworks/CoreText.framework/Versions/A/CoreText
0x000000000092b000 	/System/Library/Frameworks/ImageIO.framework/Versions/A/ImageIO
0x000000000092b000 	/usr/lib/libextension.dylib
0x000000000092b000 	/System/Library/PrivateFrameworks/Backup.framework/Versions/A/Backup
0x000000000092b000 	/usr/lib/libarchive.2.dylib
0x000000000092b000 	/System/Library/Frameworks/CFNetwork.framework/Versions/A/CFNetwork
0x000000000092b000 	/System/Library/Frameworks/SystemConfiguration.framework/Versions/A/SystemConfiguration
0x000000000092b000 	/usr/lib/libCRFSuite.dylib
0x000000000092b000 	/usr/lib/libc++.1.dylib
0x000000000092b000 	/usr/lib/libc++abi.dylib
0x000000000092b000 	/usr/lib/system/libcache.dylib
0x000000000092b000 	/usr/lib/system/libcommonCrypto.dylib
0x000000000092b000 	/usr/lib/system/libcompiler_rt.dylib
0x000000000092b000 	/usr/lib/system/libcopyfile.dylib
0x000000000092b000 	/usr/lib/system/libcorecrypto.dylib
0x000000000092b000 	/usr/lib/system/libdispatch.dylib
0x000000000092b000 	/usr/lib/system/libdyld.dylib
0x000000000092b000 	/usr/lib/system/libkeymgr.dylib
0x000000000092b000 	/usr/lib/system/liblaunch.dylib
0x000000000092b000 	/usr/lib/system/libmacho.dylib
0x000000000092b000 	/usr/lib/system/libquarantine.dylib
0x000000000092b000 	/usr/lib/system/libremovefile.dylib
0x000000000092b000 	/usr/lib/system/libsystem_asl.dylib
0x000000000092b000 	/usr/lib/system/libsystem_blocks.dylib
0x000000000092b000 	/usr/lib/system/libsystem_c.dylib
0x000000000092b000 	/usr/lib/system/libsystem_configuration.dylib
0x000000000092b000 	/usr/lib/system/libsystem_coreservices.dylib
0x000000000092b000 	/usr/lib/system/libsystem_coretls.dylib
0x000000000092b000 	/usr/lib/system/libsystem_dnssd.dylib
0x000000000092b000 	/usr/lib/system/libsystem_info.dylib
0x000000000092b000 	/usr/lib/system/libsystem_kernel.dylib
0x000000000092b000 	/usr/lib/system/libsystem_m.dylib
0x000000000092b000 	/usr/lib/system/libsystem_malloc.dylib
0x000000000092b000 	/usr/lib/system/libsystem_network.dylib
0x000000000092b000 	/usr/lib/system/libsystem_networkextension.dylib
0x000000000092b000 	/usr/lib/system/libsystem_notify.dylib
0x000000000092b000 	/usr/lib/system/libsystem_platform.dylib
0x000000000092b000 	/usr/lib/system/libsystem_pthread.dylib
0x000000000092b000 	/usr/lib/system/libsystem_sandbox.dylib
0x000000000092b000 	/usr/lib/system/libsystem_secinit.dylib
0x000000000092b000 	/usr/lib/system/libsystem_stats.dylib
0x000000000092b000 	/usr/lib/system/libsystem_trace.dylib
0x000000000092b000 	/usr/lib/system/libunc.dylib
0x000000000092b000 	/usr/lib/system/libunwind.dylib
0x000000000092b000 	/usr/lib/system/libxpc.dylib
0x000000000092b000 	/usr/lib/libbz2.1.0.dylib
0x000000000092b000 	/usr/lib/liblzma.5.dylib
0x000000000092b000 	/usr/lib/libbsm.0.dylib
0x000000000092b000 	/usr/lib/libsqlite3.dylib
0x000000000092b000 	/usr/lib/system/libkxld.dylib
0x000000000092b000 	/usr/lib/libxar.1.dylib
0x000000000092b000 	/usr/lib/libpam.2.dylib
0x000000000092b000 	/usr/lib/libOpenScriptingUtil.dylib
0x000000000092b000 	/System/Library/Frameworks/CoreServices.framework/Versions/A/Frameworks/FSEvents.framework/Versions/A/FSEvents
0x000000000092b000 	/System/Library/Frameworks/CoreServices.framework/Versions/A/Frameworks/CarbonCore.framework/Versions/A/CarbonCore
0x000000000092b000 	/System/Library/Frameworks/CoreServices.framework/Versions/A/Frameworks/Metadata.framework/Versions/A/Metadata
0x000000000092b000 	/System/Library/Frameworks/CoreServices.framework/Versions/A/Frameworks/OSServices.framework/Versions/A/OSServices
0x000000000092b000 	/System/Library/Frameworks/CoreServices.framework/Versions/A/Frameworks/SearchKit.framework/Versions/A/SearchKit
0x000000000092b000 	/System/Library/Frameworks/CoreServices.framework/Versions/A/Frameworks/AE.framework/Versions/A/AE
0x000000000092b000 	/System/Library/Frameworks/CoreServices.framework/Versions/A/Frameworks/LaunchServices.framework/Versions/A/LaunchServices
0x000000000092b000 	/System/Library/Frameworks/CoreServices.framework/Versions/A/Frameworks/DictionaryServices.framework/Versions/A/DictionaryServices
0x000000000092b000 	/System/Library/Frameworks/NetFS.framework/Versions/A/NetFS
0x000000000092b000 	/System/Library/PrivateFrameworks/NetAuth.framework/Versions/A/NetAuth
0x000000000092b000 	/System/Library/PrivateFrameworks/login.framework/Versions/A/Frameworks/loginsupport.framework/Versions/A/loginsupport
0x000000000092b000 	/System/Library/PrivateFrameworks/TCC.framework/Versions/A/TCC
0x000000000092b000 	/usr/lib/libmecabra.dylib
0x000000000092b000 	/System/Library/Frameworks/ApplicationServices.framework/Versions/A/Frameworks/ATS.framework/Versions/A/ATS
0x000000000092b000 	/System/Library/Frameworks/ApplicationServices.framework/Versions/A/Frameworks/ColorSync.framework/Versions/A/ColorSync
0x000000000092b000 	/System/Library/Frameworks/ApplicationServices.framework/Versions/A/Frameworks/HIServices.framework/Versions/A/HIServices
0x000000000092b000 	/System/Library/Frameworks/ApplicationServices.framework/Versions/A/Frameworks/LangAnalysis.framework/Versions/A/LangAnalysis
0x000000000092b000 	/System/Library/Frameworks/ApplicationServices.framework/Versions/A/Frameworks/PrintCore.framework/Versions/A/PrintCore
0x000000000092b000 	/System/Library/Frameworks/ApplicationServices.framework/Versions/A/Frameworks/QD.framework/Versions/A/QD
0x000000000092b000 	/System/Library/Frameworks/ApplicationServices.framework/Versions/A/Frameworks/SpeechSynthesis.framework/Versions/A/SpeechSynthesis
0x000000000092b000 	/System/Library/Frameworks/Accelerate.framework/Versions/A/Accelerate
0x000000000092b000 	/System/Library/Frameworks/Accelerate.framework/Versions/A/Frameworks/vImage.framework/Versions/A/vImage
0x000000000092b000 	/System/Library/Frameworks/Accelerate.framework/Versions/A/Frameworks/vecLib.framework/Versions/A/vecLib
0x000000000092b000 	/System/Library/Frameworks/Accelerate.framework/Versions/A/Frameworks/vecLib.framework/Versions/A/libvDSP.dylib
0x000000000092b000 	/System/Library/Frameworks/Accelerate.framework/Versions/A/Frameworks/vecLib.framework/Versions/A/libvMisc.dylib
0x000000000092b000 	/System/Library/Frameworks/Accelerate.framework/Versions/A/Frameworks/vecLib.framework/Versions/A/libLAPACK.dylib
0x000000000092b000 	/System/Library/Frameworks/Accelerate.framework/Versions/A/Frameworks/vecLib.framework/Versions/A/libBLAS.dylib
0x000000000092b000 	/System/Library/Frameworks/Accelerate.framework/Versions/A/Frameworks/vecLib.framework/Versions/A/libLinearAlgebra.dylib
0x000000000092b000 	/System/Library/Frameworks/ApplicationServices.framework/Versions/A/Frameworks/ATS.framework/Versions/A/Resources/libFontParser.dylib
0x000000000092b000 	/System/Library/Frameworks/ApplicationServices.framework/Versions/A/Frameworks/ATS.framework/Versions/A/Resources/libFontRegistry.dylib
0x000000000092b000 	/System/Library/PrivateFrameworks/AppleVPA.framework/Versions/A/AppleVPA
0x000000000092b000 	/System/Library/PrivateFrameworks/AppleJPEG.framework/Versions/A/AppleJPEG
0x000000000092b000 	/System/Library/Frameworks/ImageIO.framework/Versions/A/Resources/libJPEG.dylib
0x000000000092b000 	/System/Library/Frameworks/ImageIO.framework/Versions/A/Resources/libTIFF.dylib
0x000000000092b000 	/System/Library/Frameworks/ImageIO.framework/Versions/A/Resources/libPng.dylib
0x000000000092b000 	/System/Library/Frameworks/ImageIO.framework/Versions/A/Resources/libGIF.dylib
0x000000000092b000 	/System/Library/Frameworks/ImageIO.framework/Versions/A/Resources/libJP2.dylib
0x000000000092b000 	/System/Library/Frameworks/ImageIO.framework/Versions/A/Resources/libRadiance.dylib
0x000000000092b000 	/System/Library/Frameworks/CoreVideo.framework/Versions/A/CoreVideo
0x000000000092b000 	/System/Library/Frameworks/OpenGL.framework/Versions/A/Libraries/libGLU.dylib
0x000000000092b000 	/System/Library/Frameworks/OpenGL.framework/Versions/A/Libraries/libGFXShared.dylib
0x000000000092b000 	/System/Library/Frameworks/OpenGL.framework/Versions/A/Libraries/libGL.dylib
0x000000000092b000 	/System/Library/Frameworks/OpenGL.framework/Versions/A/Libraries/libGLImage.dylib
0x000000000092b000 	/System/Library/Frameworks/OpenGL.framework/Versions/A/Libraries/libCVMSPluginSupport.dylib
0x000000000092b000 	/System/Library/Frameworks/OpenGL.framework/Versions/A/Libraries/libCoreVMClient.dylib
0x000000000092b000 	/usr/lib/libcups.2.dylib
0x000000000092b000 	/System/Library/Frameworks/Kerberos.framework/Versions/A/Kerberos
0x000000000092b000 	/System/Library/Frameworks/GSS.framework/Versions/A/GSS
0x000000000092b000 	/usr/lib/libresolv.9.dylib
0x000000000092b000 	/usr/lib/libiconv.2.dylib
0x000000000092b000 	/System/Library/PrivateFrameworks/Heimdal.framework/Versions/A/Heimdal
0x000000000092b000 	/usr/lib/libheimdal-asn1.dylib
0x000000000092b000 	/System/Library/Frameworks/OpenDirectory.framework/Versions/A/OpenDirectory
0x000000000092b000 	/System/Library/PrivateFrameworks/CommonAuth.framework/Versions/A/CommonAuth
0x000000000092b000 	/System/Library/Frameworks/OpenDirectory.framework/Versions/A/Frameworks/CFOpenDirectory.framework/Versions/A/CFOpenDirectory
0x000000000092b000 	/System/Library/Frameworks/SecurityFoundation.framework/Versions/A/SecurityFoundation
0x000000000092b000 	/System/Library/PrivateFrameworks/LanguageModeling.framework/Versions/A/LanguageModeling
0x000000000092b000 	/usr/lib/libcmph.dylib
0x000000000092b000 	/System/Library/Frameworks/ServiceManagement.framework/Versions/A/ServiceManagement
0x000000000092b000 	/usr/lib/libxslt.1.dylib
0x000000000092b000 	/System/Library/Frameworks/Carbon.framework/Versions/A/Frameworks/Ink.framework/Versions/A/Ink
0x000000000092b000 	/System/Library/Frameworks/QuartzCore.framework/Versions/A/Frameworks/CoreImage.framework/Versions/A/CoreImage
0x000000000092b000 	/System/Library/PrivateFrameworks/CrashReporterSupport.framework/Versions/A/CrashReporterSupport
0x000000000092b000 	/System/Library/Frameworks/OpenCL.framework/Versions/A/OpenCL
0x000000000092b000 	/System/Library/PrivateFrameworks/FaceCore.framework/Versions/A/FaceCore
0x000000000092b000 	/System/Library/PrivateFrameworks/Ubiquity.framework/Versions/A/Ubiquity
0x000000000092b000 	/System/Library/PrivateFrameworks/IconServices.framework/Versions/A/IconServices
0x000000000092b000 	/System/Library/PrivateFrameworks/ChunkingLibrary.framework/Versions/A/ChunkingLibrary
0x000000000092b000 	/System/Library/PrivateFrameworks/Apple80211.framework/Versions/A/Apple80211
0x000000000092b000 	/System/Library/Frameworks/CoreWLAN.framework/Versions/A/CoreWLAN
0x000000000092b000 	/System/Library/Frameworks/IOBluetooth.framework/Versions/A/IOBluetooth
0x000000000092b000 	/System/Library/PrivateFrameworks/CoreWiFi.framework/Versions/A/CoreWiFi
0x000000000092b000 	/System/Library/Frameworks/CoreBluetooth.framework/Versions/A/CoreBluetooth
0x000000000092b000 	/System/Library/PrivateFrameworks/DebugSymbols.framework/Versions/A/DebugSymbols
0x000000000092b000 	/System/Library/PrivateFrameworks/CoreSymbolication.framework/Versions/A/CoreSymbolication
0x000000000092b000 	/System/Library/PrivateFrameworks/Symbolication.framework/Versions/A/Symbolication
0x000000000092b000 	/System/Library/PrivateFrameworks/SpeechRecognitionCore.framework/Versions/A/SpeechRecognitionCore
0x0000000107000000 	/Library/Java/JavaVirtualMachines/jdk1.8.0_51.jdk/Contents/Home/jre/lib/server/libjvm.dylib
0x000000000092b000 	/usr/lib/libstdc++.6.dylib
0x000000010671f000 	/Library/Java/JavaVirtualMachines/jdk1.8.0_51.jdk/Contents/Home/jre/lib/libverify.dylib
0x000000010672d000 	/Library/Java/JavaVirtualMachines/jdk1.8.0_51.jdk/Contents/Home/jre/lib/libjava.dylib
0x000000010676c000 	/Library/Java/JavaVirtualMachines/jdk1.8.0_51.jdk/Contents/Home/jre/lib/libzip.dylib
0x00000001067e6000 	/System/Library/Frameworks/JavaVM.framework/Frameworks/JavaRuntimeSupport.framework/JavaRuntimeSupport
0x000000011df71000 	/System/Library/Frameworks/JavaVM.framework/Versions/A/Frameworks/JavaNativeFoundation.framework/Versions/A/JavaNativeFoundation
0x000000011df85000 	/System/Library/Frameworks/JavaVM.framework/Versions/A/JavaVM
0x000000000092b000 	/System/Library/Frameworks/Carbon.framework/Versions/A/Carbon
0x000000011df91000 	/System/Library/PrivateFrameworks/JavaLaunching.framework/Versions/A/JavaLaunching
0x000000000092b000 	/System/Library/Frameworks/Carbon.framework/Versions/A/Frameworks/CommonPanels.framework/Versions/A/CommonPanels
0x000000000092b000 	/System/Library/Frameworks/Carbon.framework/Versions/A/Frameworks/Help.framework/Versions/A/Help
0x000000000092b000 	/System/Library/Frameworks/Carbon.framework/Versions/A/Frameworks/ImageCapture.framework/Versions/A/ImageCapture
0x000000000092b000 	/System/Library/Frameworks/Carbon.framework/Versions/A/Frameworks/OpenScripting.framework/Versions/A/OpenScripting
0x000000000092b000 	/System/Library/Frameworks/Carbon.framework/Versions/A/Frameworks/Print.framework/Versions/A/Print
0x000000000092b000 	/System/Library/Frameworks/Carbon.framework/Versions/A/Frameworks/SecurityHI.framework/Versions/A/SecurityHI
0x000000011ff9e000 	/Library/Java/JavaVirtualMachines/jdk1.8.0_51.jdk/Contents/Home/jre/lib/libprism_es2.dylib
0x000000000092b000 	/System/Library/Frameworks/OpenGL.framework/Versions/A/Resources/GLEngine.bundle/GLEngine
0x000000000092b000 	/System/Library/Frameworks/OpenGL.framework/Versions/A/Libraries/libGLProgrammability.dylib
0x0000000000000000 	/System/Library/Extensions/AppleIntelBDWGraphicsGLDriver.bundle/Contents/MacOS/AppleIntelBDWGraphicsGLDriver
0x000000000092b000 	/System/Library/PrivateFrameworks/IOAccelerator.framework/Versions/A/IOAccelerator
0x000000000092b000 	/System/Library/PrivateFrameworks/GPUSupport.framework/Versions/A/Libraries/libGPUSupportMercury.dylib
0x000000000092b000 	/System/Library/Frameworks/OpenGL.framework/Versions/A/Resources/GLRendererFloat.bundle/GLRendererFloat
0x000000000092b000 	/System/Library/Frameworks/OpenCL.framework/Versions/A/Libraries/libcldcpuengine.dylib
0x000000000092b000 	/System/Library/PrivateFrameworks/DiskImages.framework/Versions/A/DiskImages
0x000000000092b000 	/System/Library/Frameworks/DiscRecording.framework/Versions/A/DiscRecording
0x000000000092b000 	/usr/lib/libcsfde.dylib
0x000000000092b000 	/usr/lib/libcurl.4.dylib
0x000000000092b000 	/System/Library/PrivateFrameworks/MediaKit.framework/Versions/A/MediaKit
0x000000000092b000 	/System/Library/PrivateFrameworks/ProtectedCloudStorage.framework/Versions/A/ProtectedCloudStorage
0x000000000092b000 	/usr/lib/libCoreStorage.dylib
0x000000000092b000 	/System/Library/PrivateFrameworks/EFILogin.framework/Versions/A/EFILogin
0x000000000092b000 	/usr/lib/libutil.dylib
0x000000000092b000 	/System/Library/PrivateFrameworks/FindMyDevice.framework/Versions/A/FindMyDevice
0x000000000092b000 	/System/Library/Frameworks/LDAP.framework/Versions/A/LDAP
0x000000000092b000 	/usr/lib/libsasl2.2.dylib
0x000000000092b000 	/System/Library/PrivateFrameworks/CoreDaemon.framework/Versions/B/CoreDaemon
0x000000000092b000 	/usr/lib/libcrypto.0.9.8.dylib
0x000000000092b000 	/System/Library/PrivateFrameworks/AppleSRP.framework/Versions/A/AppleSRP
0x000000000092b000 	/System/Library/PrivateFrameworks/TrustEvaluationAgent.framework/Versions/A/TrustEvaluationAgent
0x0000000120490000 	/Library/Java/JavaVirtualMachines/jdk1.8.0_51.jdk/Contents/Home/jre/lib/libglass.dylib
0x000000000092b000 	/System/Library/PrivateFrameworks/CoreServicesInternal.framework/Versions/A/CoreServicesInternal
0x000000000092b000 	/System/Library/PrivateFrameworks/CloudDocs.framework/Versions/A/CloudDocs
0x000000000092b000 	/System/Library/PrivateFrameworks/CoreDuet.framework/Versions/A/CoreDuet
0x000000000092b000 	/System/Library/Frameworks/CloudKit.framework/Versions/A/CloudKit
0x000000000092b000 	/System/Library/PrivateFrameworks/ProtocolBuffer.framework/Versions/A/ProtocolBuffer
0x000000000092b000 	/System/Library/PrivateFrameworks/CoreDuetDaemonProtocol.framework/Versions/A/CoreDuetDaemonProtocol
0x000000000092b000 	/System/Library/PrivateFrameworks/CoreDuetDebugLogging.framework/Versions/A/CoreDuetDebugLogging
0x000000000092b000 	/System/Library/PrivateFrameworks/MMCS.framework/Versions/A/MMCS
0x000000000092b000 	/System/Library/Frameworks/CoreLocation.framework/Versions/A/CoreLocation
0x000000000092b000 	/System/Library/PrivateFrameworks/GeoServices.framework/Versions/A/GeoServices
0x000000000092b000 	/System/Library/Frameworks/CoreGraphics.framework/Versions/A/Resources/libCGCMS.A.dylib
0x000000000092b000 	/System/Library/CoreServices/RawCamera.bundle/Contents/MacOS/RawCamera
0x000000000092b000 	/System/Library/Frameworks/CoreGraphics.framework/Versions/A/Resources/libRIP.A.dylib
0x000000000092b000 	/System/Library/PrivateFrameworks/FamilyControls.framework/Versions/A/FamilyControls
0x000000000092b000 	/System/Library/PrivateFrameworks/CommerceKit.framework/Versions/A/Frameworks/CommerceCore.framework/Versions/A/CommerceCore
0x000000000092b000 	/System/Library/PrivateFrameworks/SystemAdministration.framework/Versions/A/SystemAdministration
0x000000000092b000 	/System/Library/PrivateFrameworks/AppContainer.framework/Versions/A/AppContainer
0x000000000092b000 	/System/Library/PrivateFrameworks/SecCodeWrapper.framework/Versions/A/SecCodeWrapper
0x000000000092b000 	/System/Library/Frameworks/DirectoryService.framework/Versions/A/DirectoryService
0x000000000092b000 	/System/Library/PrivateFrameworks/LoginUIKit.framework/Versions/A/Frameworks/LoginUICore.framework/Versions/A/LoginUICore
0x000000000092b000 	/usr/lib/libodfde.dylib
0x00000001243d2000 	/Library/Java/JavaVirtualMachines/jdk1.8.0_51.jdk/Contents/Home/jre/lib/libjavafx_font.dylib
0x000000000092b000 	/System/Library/Frameworks/CoreGraphics.framework/Versions/A/Resources/libCGXType.A.dylib
0x0000000126c55000 	/Library/Java/JavaVirtualMachines/jdk1.8.0_51.jdk/Contents/Home/jre/lib/libprism_common.dylib
0x0000000127fa2000 	cl_kernels
0x0000000127fc8000 	/System/Library/Frameworks/OpenCL.framework/Versions/A/Libraries/ImageFormats/unorm8_bgra.dylib
0x0000000127f56000 	cl_kernels

VM Arguments:
jvm_args: -Dfile.encoding=UTF-8 
java_command: adminSide.Main
java_class_path (initial): /Users/divamgupta/college assignments/sem 3/ap/project 1/userSideProj/bin:/Applications/Eclipse.app/Contents/Eclipse/plugins/org.eclipse.fx.ide.css.jfx8_2.0.0.201506111511.jar
Launcher Type: SUN_STANDARD

Environment Variables:
PATH=/usr/bin:/bin:/usr/sbin:/sbin
SHELL=/bin/bash

Signal Handlers:
SIGSEGV: [libjvm.dylib+0x58ef35], sa_mask[0]=11111111011111110111111111111111, sa_flags=SA_ONSTACK|SA_RESTART|SA_SIGINFO
SIGBUS: [libjvm.dylib+0x58ef35], sa_mask[0]=11111111011111110111111111111111, sa_flags=SA_RESTART|SA_SIGINFO
SIGFPE: [libjvm.dylib+0x46c028], sa_mask[0]=11111111011111110111111111111111, sa_flags=SA_RESTART|SA_SIGINFO
SIGPIPE: [libjvm.dylib+0x46c028], sa_mask[0]=11111111011111110111111111111111, sa_flags=SA_RESTART|SA_SIGINFO
SIGXFSZ: [libjvm.dylib+0x46c028], sa_mask[0]=11111111011111110111111111111111, sa_flags=SA_RESTART|SA_SIGINFO
SIGILL: [libjvm.dylib+0x46c028], sa_mask[0]=11111111011111110111111111111111, sa_flags=SA_RESTART|SA_SIGINFO
SIGUSR1: SIG_DFL, sa_mask[0]=00000000000000000000000000000000, sa_flags=none
SIGUSR2: [libjvm.dylib+0x46bb46], sa_mask[0]=00100000000000000000000000000000, sa_flags=SA_RESTART|SA_SIGINFO
SIGHUP: [libjvm.dylib+0x46a119], sa_mask[0]=11111111011111110111111111111111, sa_flags=SA_RESTART|SA_SIGINFO
SIGINT: [libjvm.dylib+0x46a119], sa_mask[0]=11111111011111110111111111111111, sa_flags=SA_RESTART|SA_SIGINFO
SIGTERM: [libjvm.dylib+0x46a119], sa_mask[0]=11111111011111110111111111111111, sa_flags=SA_RESTART|SA_SIGINFO
SIGQUIT: [libjvm.dylib+0x46a119], sa_mask[0]=11111111011111110111111111111111, sa_flags=SA_RESTART|SA_SIGINFO


---------------  S Y S T E M  ---------------

OS:Bsduname:Darwin 14.3.0 Darwin Kernel Version 14.3.0: Mon Mar 23 11:59:05 PDT 2015; root:xnu-2782.20.48~5/RELEASE_X86_64 x86_64
rlimit: STACK 8192k, CORE 0k, NPROC 709, NOFILE 10240, AS infinity
load average:2.34 1.81 1.89

CPU:total 4 (2 cores per cpu, 2 threads per core) family 6 model 61 stepping 4, cmov, cx8, fxsr, mmx, sse, sse2, sse3, ssse3, sse4.1, sse4.2, popcnt, avx, avx2, aes, clmul, erms, 3dnowpref, lzcnt, ht, tsc, tscinvbit, bmi1, bmi2, adx

Memory: 4k page, physical 8388608k(194316k free)

/proc/meminfo:


vm_info: Java HotSpot(TM) 64-Bit Server VM (25.51-b03) for bsd-amd64 JRE (1.8.0_51-b16), built on Jun  8 2015 18:01:11 by "java_re" with gcc 4.2.1 (Based on Apple Inc. build 5658) (LLVM build 2336.11.00)

time: Thu Sep 17 15:30:32 2015
elapsed time: 672 seconds (0d 0h 11m 12s)

